0002 |
0003 |TITLE 'Lab 6 ABEL File'
0004 |
0005 |DECLARATIONS
0006 |
0007 |i0..i5 pin 2..7;
0008 |
0009 |!t_d,!m_d,!a1,!b1,!c1,!d1,!e1,!f1,!g1 pin 14..22 istype 'com';
0010 |
0011 |EQUATIONS
0012 |
0013 |i0 = t_d;
0014 |i1 = m_d;
0015 |
0016 |truth_table([i5,i4,i3,i2]->[a1,b1,c1,d1,e1,f1,g1])
0017 |            [ 0, 0, 0, 0]->[1,1,1,1,1,1,0];
0018 |            [ 0, 0, 0, 1]->[0,1,1,0,0,0,0];
0019 |            [ 0, 0, 1, 0]->[1,1,0,1,1,0,1];
0020 |            [ 0, 0, 1, 1]->[1,1,1,1,0,0,1];
0021 |            [ 0, 1, 0, 0]->[0,1,1,0,0,1,1];
0022 |            [ 0, 1, 0, 1]->[1,0,1,1,0,1,1];
0023 |            [ 0, 1, 1, 0]->[1,0,1,1,1,1,1];
0024 |            [ 0, 1, 1, 1]->[1,1,1,0,0,0,0];
0025 |            [ 1, 0, 0, 0]->[1,1,1,1,1,1,1];
0026 |            [ 1, 0, 0, 1]->[1,1,1,1,0,1,1];           
0027 |            
0028 |
0029 |
0030 |END
0031 |
