==16150== Memcheck, a memory error detector
==16150== Copyright (C) 2002-2012, and GNU GPL'd, by Julian Seward et al.
==16150== Using Valgrind-3.8.1 and LibVEX; rerun with -h for copyright info
==16150== Command: ./a.out map5x5.txt query5x5.txt
==16150== Parent PID: 23981
==16150== 
--16150-- 
--16150-- Valgrind options:
--16150--    --tool=memcheck
--16150--    --leak-check=full
--16150--    --verbose
--16150--    --log-file=memcheck.log
--16150-- Contents of /proc/version:
--16150--   Linux version 2.6.32-504.1.3.el6.x86_64 (mockbuild@x86-022.build.eng.bos.redhat.com) (gcc version 4.4.7 20120313 (Red Hat 4.4.7-9) (GCC) ) #1 SMP Fri Oct 31 11:37:10 EDT 2014
--16150-- Arch and hwcaps: AMD64, amd64-sse3
--16150-- Page sizes: currently 4096, max supported 4096
--16150-- Valgrind library directory: /usr/lib64/valgrind
--16150-- Reading syms from /home/shay/b/zhais/ECE368/proj3/M3/a.out
--16150-- Reading syms from /usr/lib64/valgrind/memcheck-amd64-linux
--16150--    object doesn't have a dynamic symbol table
--16150-- Reading syms from /lib64/ld-2.12.so
--16150-- Scheduler: using generic scheduler lock implementation.
--16150-- Reading suppressions file: /usr/lib64/valgrind/default.supp
==16150== embedded gdbserver: reading from /tmp/vgdb-pipe-from-vgdb-to-16150-by-zhais-on-ecegrid-thin6.ecn.purdue.edu
==16150== embedded gdbserver: writing to   /tmp/vgdb-pipe-to-vgdb-from-16150-by-zhais-on-ecegrid-thin6.ecn.purdue.edu
==16150== embedded gdbserver: shared mem   /tmp/vgdb-pipe-shared-mem-vgdb-16150-by-zhais-on-ecegrid-thin6.ecn.purdue.edu
==16150== 
==16150== TO CONTROL THIS PROCESS USING vgdb (which you probably
==16150== don't want to do, unless you know exactly what you're doing,
==16150== or are doing some strange experiment):
==16150==   /usr/lib64/valgrind/../../bin/vgdb --pid=16150 ...command...
==16150== 
==16150== TO DEBUG THIS PROCESS USING GDB: start GDB like this
==16150==   /path/to/gdb ./a.out
==16150== and then give GDB the following command
==16150==   target remote | /usr/lib64/valgrind/../../bin/vgdb --pid=16150
==16150== --pid is optional if only one valgrind process is running
==16150== 
--16150-- REDIR: 0x3822617610 (strlen) redirected to 0x38049551 (vgPlain_amd64_linux_REDIR_FOR_strlen)
--16150-- Reading syms from /usr/lib64/valgrind/vgpreload_core-amd64-linux.so
--16150-- Reading syms from /usr/lib64/valgrind/vgpreload_memcheck-amd64-linux.so
--16150-- REDIR: 0x3822617480 (index) redirected to 0x4a07c30 (index)
--16150-- REDIR: 0x3822617500 (strcmp) redirected to 0x4a08570 (strcmp)
--16150-- Reading syms from /lib64/libm-2.12.so
--16150-- Reading syms from /lib64/libc-2.12.so
--16150-- REDIR: 0x3822a84cd0 (strcasecmp) redirected to 0x480155c (_vgnU_ifunc_wrapper)
--16150-- REDIR: 0x3822a86f90 (strncasecmp) redirected to 0x480155c (_vgnU_ifunc_wrapper)
--16150-- REDIR: 0x3822a82c40 (__GI_strrchr) redirected to 0x4a07ab0 (__GI_strrchr)
--16150-- REDIR: 0x3822a7a640 (malloc) redirected to 0x4a069ac (malloc)
--16150-- REDIR: 0x3822a83350 (memchr) redirected to 0x4a08610 (memchr)
--16150-- REDIR: 0x3822a89670 (memcpy) redirected to 0x4a08b60 (memcpy)
--16150-- REDIR: 0x3822a8aaf0 (strchrnul) redirected to 0x4a09fb0 (strchrnul)
--16150-- REDIR: 0x3822a7b520 (free) redirected to 0x4a063a9 (free)
==16150== 
==16150== HEAP SUMMARY:
==16150==     in use at exit: 0 bytes in 0 blocks
==16150==   total heap usage: 112 allocs, 112 frees, 4,124 bytes allocated
==16150== 
==16150== All heap blocks were freed -- no leaks are possible
==16150== 
==16150== ERROR SUMMARY: 0 errors from 0 contexts (suppressed: 6 from 6)
--16150-- 
--16150-- used_suppression:      4 U1004-ARM-_dl_relocate_object
--16150-- used_suppression:      2 glibc-2.5.x-on-SUSE-10.2-(PPC)-2a
==16150== 
==16150== ERROR SUMMARY: 0 errors from 0 contexts (suppressed: 6 from 6)
