==24814== Memcheck, a memory error detector
==24814== Copyright (C) 2002-2012, and GNU GPL'd, by Julian Seward et al.
==24814== Using Valgrind-3.8.1 and LibVEX; rerun with -h for copyright info
==24814== Command: project3 input.txt
==24814== Parent PID: 19574
==24814== 
--24814-- 
--24814-- Valgrind options:
--24814--    --tool=memcheck
--24814--    --leak-check=full
--24814--    --verbose
--24814--    --log-file=memcheck.log
--24814-- Contents of /proc/version:
--24814--   Linux version 2.6.32-504.8.1.el6.x86_64 (mockbuild@x86-002.build.bos.redhat.com) (gcc version 4.4.7 20120313 (Red Hat 4.4.7-9) (GCC) ) #1 SMP Fri Dec 19 12:09:25 EST 2014
--24814-- Arch and hwcaps: AMD64, amd64-sse3-cx16
--24814-- Page sizes: currently 4096, max supported 4096
--24814-- Valgrind library directory: /usr/lib64/valgrind
--24814-- Reading syms from /home/shay/a/qiu58/ECE368/Project3/project3
--24814-- Reading syms from /usr/lib64/valgrind/memcheck-amd64-linux
--24814--    object doesn't have a dynamic symbol table
--24814-- Reading syms from /lib64/ld-2.12.so
--24814-- Scheduler: using generic scheduler lock implementation.
--24814-- Reading suppressions file: /usr/lib64/valgrind/default.supp
==24814== embedded gdbserver: reading from /tmp/vgdb-pipe-from-vgdb-to-24814-by-qiu58-on-shay.ecn.purdue.edu
==24814== embedded gdbserver: writing to   /tmp/vgdb-pipe-to-vgdb-from-24814-by-qiu58-on-shay.ecn.purdue.edu
==24814== embedded gdbserver: shared mem   /tmp/vgdb-pipe-shared-mem-vgdb-24814-by-qiu58-on-shay.ecn.purdue.edu
==24814== 
==24814== TO CONTROL THIS PROCESS USING vgdb (which you probably
==24814== don't want to do, unless you know exactly what you're doing,
==24814== or are doing some strange experiment):
==24814==   /usr/lib64/valgrind/../../bin/vgdb --pid=24814 ...command...
==24814== 
==24814== TO DEBUG THIS PROCESS USING GDB: start GDB like this
==24814==   /path/to/gdb project3
==24814== and then give GDB the following command
==24814==   target remote | /usr/lib64/valgrind/../../bin/vgdb --pid=24814
==24814== --pid is optional if only one valgrind process is running
==24814== 
--24814-- REDIR: 0x3eaf2176d0 (strlen) redirected to 0x38049551 (vgPlain_amd64_linux_REDIR_FOR_strlen)
--24814-- Reading syms from /usr/lib64/valgrind/vgpreload_core-amd64-linux.so
--24814-- Reading syms from /usr/lib64/valgrind/vgpreload_memcheck-amd64-linux.so
--24814-- REDIR: 0x3eaf2174e0 (index) redirected to 0x4a07c30 (index)
--24814-- REDIR: 0x3eaf217560 (strcmp) redirected to 0x4a08570 (strcmp)
--24814-- Reading syms from /lib64/libm-2.12.so
--24814-- Reading syms from /lib64/libc-2.12.so
--24814-- REDIR: 0x3eaf684cd0 (strcasecmp) redirected to 0x480155c (_vgnU_ifunc_wrapper)
--24814-- REDIR: 0x3eaf686f90 (strncasecmp) redirected to 0x480155c (_vgnU_ifunc_wrapper)
--24814-- REDIR: 0x3eaf682c40 (__GI_strrchr) redirected to 0x4a07ab0 (__GI_strrchr)
--24814-- REDIR: 0x3eaf67a640 (malloc) redirected to 0x4a069ac (malloc)
--24814-- REDIR: 0x3eaf683350 (memchr) redirected to 0x4a08610 (memchr)
--24814-- REDIR: 0x3eaf689670 (memcpy) redirected to 0x4a08b60 (memcpy)
--24814-- REDIR: 0x3eaf681160 (__GI_strlen) redirected to 0x4a07fb0 (__GI_strlen)
--24814-- REDIR: 0x3eaf68aaf0 (strchrnul) redirected to 0x4a09fb0 (strchrnul)
--24814-- REDIR: 0x3eaf684500 (mempcpy) redirected to 0x4a0a020 (mempcpy)
--24814-- REDIR: 0x3eaf67b520 (free) redirected to 0x4a063a9 (free)
==24814== Invalid read of size 4
==24814==    at 0x402094: quicksort (project3.c:371)
==24814==    by 0x402189: quicksort (project3.c:389)
==24814==    by 0x402189: quicksort (project3.c:389)
==24814==    by 0x402189: quicksort (project3.c:389)
==24814==    by 0x40205A: secondneighbor (project3.c:361)
==24814==    by 0x400B34: main (project3.c:78)
==24814==  Address 0x4c3dd68 is 0 bytes after a block of size 24 alloc'd
==24814==    at 0x4A06A2E: malloc (vg_replace_malloc.c:270)
==24814==    by 0x401F7F: secondneighbor (project3.c:348)
==24814==    by 0x400B34: main (project3.c:78)
==24814== 
==24814== Invalid read of size 4
==24814==    at 0x402094: quicksort (project3.c:371)
==24814==    by 0x402189: quicksort (project3.c:389)
==24814==    by 0x402189: quicksort (project3.c:389)
==24814==    by 0x40205A: secondneighbor (project3.c:361)
==24814==    by 0x400C4D: main (project3.c:97)
==24814==  Address 0x4c3df78 is 0 bytes after a block of size 24 alloc'd
==24814==    at 0x4A06A2E: malloc (vg_replace_malloc.c:270)
==24814==    by 0x401F7F: secondneighbor (project3.c:348)
==24814==    by 0x400C4D: main (project3.c:97)
==24814== 
==24814== 
==24814== HEAP SUMMARY:
==24814==     in use at exit: 1,312 bytes in 45 blocks
==24814==   total heap usage: 51 allocs, 6 frees, 2,200 bytes allocated
==24814== 
==24814== Searching for pointers to 45 not-freed blocks
==24814== Checked 69,000 bytes
==24814== 
==24814== 12 bytes in 1 blocks are definitely lost in loss record 1 of 12
==24814==    at 0x4A06A2E: malloc (vg_replace_malloc.c:270)
==24814==    by 0x401D6D: firstneighbor (project3.c:309)
==24814==    by 0x400D59: main (project3.c:110)
==24814== 
==24814== 12 bytes in 1 blocks are definitely lost in loss record 2 of 12
==24814==    at 0x4A06A2E: malloc (vg_replace_malloc.c:270)
==24814==    by 0x401F7F: secondneighbor (project3.c:348)
==24814==    by 0x400D82: main (project3.c:111)
==24814== 
==24814== 16 bytes in 1 blocks are definitely lost in loss record 3 of 12
==24814==    at 0x4A06A2E: malloc (vg_replace_malloc.c:270)
==24814==    by 0x401D6D: firstneighbor (project3.c:309)
==24814==    by 0x400B0B: main (project3.c:77)
==24814== 
==24814== 24 bytes in 1 blocks are definitely lost in loss record 4 of 12
==24814==    at 0x4A06A2E: malloc (vg_replace_malloc.c:270)
==24814==    by 0x401F7F: secondneighbor (project3.c:348)
==24814==    by 0x400B34: main (project3.c:78)
==24814== 
==24814== 60 bytes in 5 blocks are definitely lost in loss record 5 of 12
==24814==    at 0x4A06A2E: malloc (vg_replace_malloc.c:270)
==24814==    by 0x401D6D: firstneighbor (project3.c:309)
==24814==    by 0x400E72: main (project3.c:129)
==24814== 
==24814== 60 bytes in 5 blocks are definitely lost in loss record 6 of 12
==24814==    at 0x4A06A2E: malloc (vg_replace_malloc.c:270)
==24814==    by 0x401F7F: secondneighbor (project3.c:348)
==24814==    by 0x400E9B: main (project3.c:130)
==24814== 
==24814== 96 bytes in 6 blocks are definitely lost in loss record 7 of 12
==24814==    at 0x4A06A2E: malloc (vg_replace_malloc.c:270)
==24814==    by 0x401D6D: firstneighbor (project3.c:309)
==24814==    by 0x400C24: main (project3.c:96)
==24814== 
==24814== 144 bytes in 6 blocks are definitely lost in loss record 8 of 12
==24814==    at 0x4A06A2E: malloc (vg_replace_malloc.c:270)
==24814==    by 0x401F7F: secondneighbor (project3.c:348)
==24814==    by 0x400C4D: main (project3.c:97)
==24814== 
==24814== 288 bytes in 6 blocks are definitely lost in loss record 10 of 12
==24814==    at 0x4A06A2E: malloc (vg_replace_malloc.c:270)
==24814==    by 0x401217: Loadedges (project3.c:189)
==24814==    by 0x400A99: main (project3.c:68)
==24814== 
==24814== 288 bytes in 6 blocks are definitely lost in loss record 11 of 12
==24814==    at 0x4A06A2E: malloc (vg_replace_malloc.c:270)
==24814==    by 0x401217: Loadedges (project3.c:189)
==24814==    by 0x400AB6: main (project3.c:69)
==24814== 
==24814== 312 (48 direct, 264 indirect) bytes in 1 blocks are definitely lost in loss record 12 of 12
==24814==    at 0x4A06A2E: malloc (vg_replace_malloc.c:270)
==24814==    by 0x400FFE: Loadvertex (project3.c:155)
==24814==    by 0x400A7C: main (project3.c:62)
==24814== 
==24814== LEAK SUMMARY:
==24814==    definitely lost: 1,048 bytes in 39 blocks
==24814==    indirectly lost: 264 bytes in 6 blocks
==24814==      possibly lost: 0 bytes in 0 blocks
==24814==    still reachable: 0 bytes in 0 blocks
==24814==         suppressed: 0 bytes in 0 blocks
==24814== 
==24814== ERROR SUMMARY: 24 errors from 13 contexts (suppressed: 6 from 6)
==24814== 
==24814== 4 errors in context 1 of 13:
==24814== Invalid read of size 4
==24814==    at 0x402094: quicksort (project3.c:371)
==24814==    by 0x402189: quicksort (project3.c:389)
==24814==    by 0x402189: quicksort (project3.c:389)
==24814==    by 0x402189: quicksort (project3.c:389)
==24814==    by 0x40205A: secondneighbor (project3.c:361)
==24814==    by 0x400B34: main (project3.c:78)
==24814==  Address 0x4c3dd68 is 0 bytes after a block of size 24 alloc'd
==24814==    at 0x4A06A2E: malloc (vg_replace_malloc.c:270)
==24814==    by 0x401F7F: secondneighbor (project3.c:348)
==24814==    by 0x400B34: main (project3.c:78)
==24814== 
==24814== 
==24814== 9 errors in context 2 of 13:
==24814== Invalid read of size 4
==24814==    at 0x402094: quicksort (project3.c:371)
==24814==    by 0x402189: quicksort (project3.c:389)
==24814==    by 0x402189: quicksort (project3.c:389)
==24814==    by 0x40205A: secondneighbor (project3.c:361)
==24814==    by 0x400C4D: main (project3.c:97)
==24814==  Address 0x4c3df78 is 0 bytes after a block of size 24 alloc'd
==24814==    at 0x4A06A2E: malloc (vg_replace_malloc.c:270)
==24814==    by 0x401F7F: secondneighbor (project3.c:348)
==24814==    by 0x400C4D: main (project3.c:97)
==24814== 
--24814-- 
--24814-- used_suppression:      4 U1004-ARM-_dl_relocate_object
--24814-- used_suppression:      2 glibc-2.5.x-on-SUSE-10.2-(PPC)-2a
==24814== 
==24814== ERROR SUMMARY: 24 errors from 13 contexts (suppressed: 6 from 6)
