==22533== Memcheck, a memory error detector
==22533== Copyright (C) 2002-2012, and GNU GPL'd, by Julian Seward et al.
==22533== Using Valgrind-3.8.1 and LibVEX; rerun with -h for copyright info
==22533== Command: ./pa01.c
==22533== Parent PID: 9464
==22533== 
--22533-- 
--22533-- Valgrind options:
--22533--    --tool=memcheck
--22533--    --leak-check=full
--22533--    --verbose
--22533--    --log-file=memcheck.log
--22533-- Contents of /proc/version:
--22533--   Linux version 2.6.32-431.23.3.el6.x86_64 (mockbuild@x86-027.build.eng.bos.redhat.com) (gcc version 4.4.7 20120313 (Red Hat 4.4.7-4) (GCC) ) #1 SMP Wed Jul 16 06:12:23 EDT 2014
--22533-- Arch and hwcaps: AMD64, amd64-sse3-cx16
--22533-- Page sizes: currently 4096, max supported 4096
--22533-- Valgrind library directory: /usr/lib64/valgrind
--22533-- Reading syms from /home/shay/a/qiu58/ECE264/ECE264/problems/ECE264Assignments/Fall2014/PA01/pa01.c
--22533-- Reading syms from /usr/lib64/valgrind/memcheck-amd64-linux
--22533--    object doesn't have a dynamic symbol table
--22533-- Reading syms from /lib64/ld-2.12.so
--22533-- Scheduler: using generic scheduler lock implementation.
--22533-- Reading suppressions file: /usr/lib64/valgrind/default.supp
==22533== embedded gdbserver: reading from /tmp/vgdb-pipe-from-vgdb-to-22533-by-qiu58-on-ecegrid-thin1.ecn.purdue.edu
==22533== embedded gdbserver: writing to   /tmp/vgdb-pipe-to-vgdb-from-22533-by-qiu58-on-ecegrid-thin1.ecn.purdue.edu
==22533== embedded gdbserver: shared mem   /tmp/vgdb-pipe-shared-mem-vgdb-22533-by-qiu58-on-ecegrid-thin1.ecn.purdue.edu
==22533== 
==22533== TO CONTROL THIS PROCESS USING vgdb (which you probably
==22533== don't want to do, unless you know exactly what you're doing,
==22533== or are doing some strange experiment):
==22533==   /usr/lib64/valgrind/../../bin/vgdb --pid=22533 ...command...
==22533== 
==22533== TO DEBUG THIS PROCESS USING GDB: start GDB like this
==22533==   /path/to/gdb ./pa01.c
==22533== and then give GDB the following command
==22533==   target remote | /usr/lib64/valgrind/../../bin/vgdb --pid=22533
==22533== --pid is optional if only one valgrind process is running
==22533== 
--22533-- REDIR: 0x3f79a17530 (strlen) redirected to 0x38049551 (vgPlain_amd64_linux_REDIR_FOR_strlen)
--22533-- Reading syms from /usr/lib64/valgrind/vgpreload_core-amd64-linux.so
--22533-- Reading syms from /usr/lib64/valgrind/vgpreload_memcheck-amd64-linux.so
--22533-- REDIR: 0x3f79a173a0 (index) redirected to 0x4a07bf0 (index)
--22533-- REDIR: 0x3f79a17420 (strcmp) redirected to 0x4a08530 (strcmp)
--22533-- Reading syms from /lib64/libc-2.12.so
--22533-- REDIR: 0x3f79e84cd0 (strcasecmp) redirected to 0x480155c (_vgnU_ifunc_wrapper)
--22533-- REDIR: 0x3f79e86f90 (strncasecmp) redirected to 0x480155c (_vgnU_ifunc_wrapper)
--22533-- REDIR: 0x3f79e82c40 (__GI_strrchr) redirected to 0x4a07a70 (__GI_strrchr)
--22533-- REDIR: 0x3f79e81160 (__GI_strlen) redirected to 0x4a07f70 (__GI_strlen)
--22533-- REDIR: 0x3f79e7b520 (free) redirected to 0x4a06369 (free)
==22533== 
==22533== HEAP SUMMARY:
==22533==     in use at exit: 0 bytes in 0 blocks
==22533==   total heap usage: 0 allocs, 0 frees, 0 bytes allocated
==22533== 
==22533== All heap blocks were freed -- no leaks are possible
==22533== 
==22533== ERROR SUMMARY: 0 errors from 0 contexts (suppressed: 6 from 6)
--22533-- 
--22533-- used_suppression:      4 U1004-ARM-_dl_relocate_object
--22533-- used_suppression:      2 glibc-2.5.x-on-SUSE-10.2-(PPC)-2a
==22533== 
==22533== ERROR SUMMARY: 0 errors from 0 contexts (suppressed: 6 from 6)
