==16021== Memcheck, a memory error detector
==16021== Copyright (C) 2002-2012, and GNU GPL'd, by Julian Seward et al.
==16021== Using Valgrind-3.8.1 and LibVEX; rerun with -h for copyright info
==16021== Command: ./a.out
==16021== Parent PID: 29650
==16021== 
--16021-- 
--16021-- Valgrind options:
--16021--    --tool=memcheck
--16021--    --leak-check=full
--16021--    --verbose
--16021--    --log-file=memcheck.log
--16021-- Contents of /proc/version:
--16021--   Linux version 2.6.32-431.29.2.el6.x86_64 (mockbuild@x86-026.build.eng.bos.redhat.com) (gcc version 4.4.7 20120313 (Red Hat 4.4.7-4) (GCC) ) #1 SMP Sun Jul 27 15:55:46 EDT 2014
--16021-- Arch and hwcaps: AMD64, amd64-sse3-cx16
--16021-- Page sizes: currently 4096, max supported 4096
--16021-- Valgrind library directory: /usr/lib64/valgrind
--16021-- Reading syms from /home/shay/a/qiu58/ECE264/ECE264/problems/ECE264Assignments/Fall2014/PA03/a.out
--16021-- Reading syms from /usr/lib64/valgrind/memcheck-amd64-linux
--16021--    object doesn't have a dynamic symbol table
--16021-- Reading syms from /lib64/ld-2.12.so
--16021--   Considering /usr/lib/debug/.build-id/57/bf668f99b7f5917b8d55fbb645173c9a644575.debug ..
--16021--   .. build-id is valid
--16021-- Scheduler: using generic scheduler lock implementation.
--16021-- Reading suppressions file: /usr/lib64/valgrind/default.supp
==16021== embedded gdbserver: reading from /tmp/vgdb-pipe-from-vgdb-to-16021-by-qiu58-on-ecegrid-thin1.ecn.purdue.edu
==16021== embedded gdbserver: writing to   /tmp/vgdb-pipe-to-vgdb-from-16021-by-qiu58-on-ecegrid-thin1.ecn.purdue.edu
==16021== embedded gdbserver: shared mem   /tmp/vgdb-pipe-shared-mem-vgdb-16021-by-qiu58-on-ecegrid-thin1.ecn.purdue.edu
==16021== 
==16021== TO CONTROL THIS PROCESS USING vgdb (which you probably
==16021== don't want to do, unless you know exactly what you're doing,
==16021== or are doing some strange experiment):
==16021==   /usr/lib64/valgrind/../../bin/vgdb --pid=16021 ...command...
==16021== 
==16021== TO DEBUG THIS PROCESS USING GDB: start GDB like this
==16021==   /path/to/gdb ./a.out
==16021== and then give GDB the following command
==16021==   target remote | /usr/lib64/valgrind/../../bin/vgdb --pid=16021
==16021== --pid is optional if only one valgrind process is running
==16021== 
--16021-- REDIR: 0x3f79a17530 (strlen) redirected to 0x38049551 (vgPlain_amd64_linux_REDIR_FOR_strlen)
--16021-- Reading syms from /usr/lib64/valgrind/vgpreload_core-amd64-linux.so
--16021-- Reading syms from /usr/lib64/valgrind/vgpreload_memcheck-amd64-linux.so
--16021-- REDIR: 0x3f79a173a0 (index) redirected to 0x4a07bf0 (index)
--16021-- REDIR: 0x3f79a17420 (strcmp) redirected to 0x4a08530 (strcmp)
--16021-- Reading syms from /lib64/libc-2.12.so
--16021--   Considering /usr/lib/debug/.build-id/07/b5ce35eba864a01b697f5ca117e94b9248064f.debug ..
--16021--   .. build-id is valid
--16021-- REDIR: 0x3f79e84cd0 (strcasecmp) redirected to 0x480155c (_vgnU_ifunc_wrapper)
--16021-- REDIR: 0x3f79e86f90 (strncasecmp) redirected to 0x480155c (_vgnU_ifunc_wrapper)
--16021-- REDIR: 0x3f79e82c40 (__GI_strrchr) redirected to 0x4a07a70 (__GI_strrchr)
--16021-- REDIR: 0x3f79e7f630 (index) redirected to 0x480155c (_vgnU_ifunc_wrapper)
--16021-- REDIR: 0x3f79f281e0 (__strchr_sse42) redirected to 0x4a07b00 (index)
--16021-- REDIR: 0x3f79e7a640 (malloc) redirected to 0x4a0696c (malloc)
--16021-- REDIR: 0x3f79e89670 (memcpy) redirected to 0x4a08b20 (memcpy)
--16021-- REDIR: 0x3f79e8aaf0 (strchrnul) redirected to 0x4a09f10 (strchrnul)
--16021-- REDIR: 0x3f79e7b520 (free) redirected to 0x4a06369 (free)
--16021-- REDIR: 0x3f79e81120 (strlen) redirected to 0x480155c (_vgnU_ifunc_wrapper)
--16021-- REDIR: 0x3f79f33560 (__strlen_sse42) redirected to 0x4a07f50 (strlen)
--16021-- REDIR: 0x3f79e80b70 (strcpy) redirected to 0x480155c (_vgnU_ifunc_wrapper)
--16021-- REDIR: 0x3f79f34000 (???) redirected to 0x4a07f90 (strcpy)
--16021-- REDIR: 0x3f79e7f470 (strcat) redirected to 0x4a07c20 (strcat)
--16021-- REDIR: 0x3f79e81160 (__GI_strlen) redirected to 0x4a07f70 (__GI_strlen)
==16021== 
==16021== HEAP SUMMARY:
==16021==     in use at exit: 0 bytes in 0 blocks
==16021==   total heap usage: 8 allocs, 8 frees, 94 bytes allocated
==16021== 
==16021== All heap blocks were freed -- no leaks are possible
==16021== 
==16021== ERROR SUMMARY: 0 errors from 0 contexts (suppressed: 6 from 6)
--16021-- 
--16021-- used_suppression:      4 U1004-ARM-_dl_relocate_object
--16021-- used_suppression:      2 glibc-2.5.x-on-SUSE-10.2-(PPC)-2a
==16021== 
==16021== ERROR SUMMARY: 0 errors from 0 contexts (suppressed: 6 from 6)
