commit 2bba23c7c6f9d647184385b819a35f0bdd484c05
Author: Tian Qiu <qiu58@ecegrid-thin1.ecn.purdue.edu>
Date:   Sun Dec 7 22:30:45 2014 -0500

    Finished

commit 17b93a91f13c3bd9648c87ec609dd95fb16f4c67
Author: Tian Qiu <qiu58@ecegrid-thin1.ecn.purdue.edu>
Date:   Sun Dec 7 22:29:53 2014 -0500

    Finished

commit f57f8e6b454cba7a8a933018f8d41cdd99ff0fe1
Author: Tian Qiu <qiu58@ecegrid-thin1.ecn.purdue.edu>
Date:   Sun Dec 7 22:29:25 2014 -0500

    Finished

commit a2fdddabc68ed19db27a1a6f582716559dd49fbc
Author: Tian Qiu <qiu58@ecegrid-thin1.ecn.purdue.edu>
Date:   Sun Dec 7 22:28:33 2014 -0500

    Finished

commit 8fcebc54981c91ff97478bddfda3e71f44c2c567
Author: Tian Qiu <qiu58@ecegrid-thin1.ecn.purdue.edu>
Date:   Sun Dec 7 22:27:19 2014 -0500

    :t# Please enter the commit message for your changes. Lines starting

commit 25f7f8a743c8d3c754f0f2f096b38a41d5adca04
Author: Tian Qiu <qiu58@ecegrid-thin1.ecn.purdue.edu>
Date:   Sun Dec 7 22:25:05 2014 -0500

    start homework

commit d433e4e8dd2bdba07b2e4a24776ee19689d5a336
Author: Tian Qiu <qiu58@ecegrid-thin1.ecn.purdue.edu>
Date:   Thu Oct 9 22:21:38 2014 -0400

    Finished

commit 8649aa88ccb8a761ecc518d89007c9ea8bf51c0e
Author: Tian Qiu <qiu58@ecegrid-thin1.ecn.purdue.edu>
Date:   Fri Sep 19 21:20:43 2014 -0400

    Finished
