 line   address	contents
    1                      ; Linked by DLX-LD.
    2                      ; MemSize 45056
    3                      ; Data size: 20792
    4                      ; Text size: 5472
    5                      ; Stack size: 8192
    6  00000000          	.text 0x1000
    7  00001000          	.data 0x3000
    8                      ; Compiled by GCC
    9  00003000          	.text
   10  00001000          	.align 2
   11  00001000          	.proc _isspace
   12  00001000          	.global _isspace
   13  00001000          	_isspace:
   14                      ;  Function 'isspace'; 0 bytes of locals, 1 regs to save.
   15  00001000  afbefffc	sw	-4(r29),r30; push fp
   16  00001004  001df020	add	r30,r0,r29; fp = sp
   17  00001008  afbffff8	sw	-8(r29),r31; push ret addr
   18  0000100c  2fbd0010	subui	r29,r29,#16; alloc local storage
   19  00001010  afa20000	sw	0(r29),r2
   20  00001014  83c20003	lb	r2,3(r30)
   21  00001018  201f0000	addi	r31,r0,#0
   22  0000101c  304100ff	andi	r1,r2,#0x00ff
   23  00001020  60210020	seqi	r1,r1,#32
   24  00001024  14200018	bnez	r1,L6_LF0
   25  00001028  54000000	nop; not filled.
   26  0000102c  2041fff7	addi	r1,r2,#-9
   27  00001030  302100ff	andi	r1,r1,#0x00ff
   28  00001034  70210001	sleui	r1,r1,#1
   29  00001038  10200008	beqz	r1,L5_LF0
   30  0000103c  54000000	nop; not filled.
   31  00001040          	L6_LF0:
   32  00001040  201f0001	addi	r31,r0,#1
   33  00001044          	L5_LF0:
   34  00001044  001f0820	add	r1,r0,r31
   35  00001048  8fa20000	lw	r2,0(r29)
   36  0000104c  8fdffff8	lw	r31,-8(r30)
   37  00001050  001ee820	add	r29,r0,r30
   38  00001054  8fdefffc	lw	r30,-4(r30)
   39  00001058  4be00000	jr	r31
   40  0000105c  54000000	nop
   41  00001060          	.endproc _isspace
   42  00001060          	.align 2
   43  00001060          	.proc _isxdigit
   44  00001060          	.global _isxdigit
   45  00001060          	_isxdigit:
   46                      ;  Function 'isxdigit'; 0 bytes of locals, 1 regs to save.
   47  00001060  afbefffc	sw	-4(r29),r30; push fp
   48  00001064  001df020	add	r30,r0,r29; fp = sp
   49  00001068  afbffff8	sw	-8(r29),r31; push ret addr
   50  0000106c  2fbd0010	subui	r29,r29,#16; alloc local storage
   51  00001070  afa20000	sw	0(r29),r2
   52  00001074  83df0003	lb	r31,3(r30)
   53  00001078  20020000	addi	r2,r0,#0
   54  0000107c  23e1ffd0	addi	r1,r31,#-48
   55  00001080  302100ff	andi	r1,r1,#0x00ff
   56  00001084  70210009	sleui	r1,r1,#9
   57  00001088  14200028	bnez	r1,L12_LF0
   58  0000108c  54000000	nop; not filled.
   59  00001090  23e1ff9f	addi	r1,r31,#-97
   60  00001094  302100ff	andi	r1,r1,#0x00ff
   61  00001098  70210005	sleui	r1,r1,#5
   62  0000109c  14200014	bnez	r1,L12_LF0
   63  000010a0  54000000	nop; not filled.
   64  000010a4  33e100ff	andi	r1,r31,#0x00ff
   65  000010a8  64210041	snei	r1,r1,#65
   66  000010ac  14200008	bnez	r1,L11_LF0
   67  000010b0  54000000	nop; not filled.
   68  000010b4          	L12_LF0:
   69  000010b4  20020001	addi	r2,r0,#1
   70  000010b8          	L11_LF0:
   71  000010b8  00020820	add	r1,r0,r2
   72  000010bc  8fa20000	lw	r2,0(r29)
   73  000010c0  8fdffff8	lw	r31,-8(r30)
   74  000010c4  001ee820	add	r29,r0,r30
   75  000010c8  8fdefffc	lw	r30,-4(r30)
   76  000010cc  4be00000	jr	r31
   77  000010d0  54000000	nop
   78  000010d4          	.endproc _isxdigit
   79  000010d4          	.global _diskblocksize
   80  000010d4          	.data
   81  00003000          	.align 2
   82  00003000          	_diskblocksize:
   83  00003000  00000000	.word 0
   84  00003004          	.global _disksize
   85  00003004          	.align 2
   86  00003004          	_disksize:
   87  00003004  00000000	.word 0
   88  00003008          	.align 2
   89  00003008          	LC0_LF0:
   90  00003008  66446973	.ascii "fDisk (%d): Disk creation FAILED!\n\000"
   90  0000300c  6b202825	
   90  00003010  64293a20	
   90  00003014  4469736b	
   90  00003018  20637265	
   90  0000301c  6174696f	
   90  00003020  6e204641	
   90  00003024  494c4544	
   90  00003028  210a00  	
   91  0000302b          	.align 2
   92  0000302c          	LC1_LF0:
   93  0000302c  66446973	.ascii "fDisk (%d): Disk init write inode block %d FAILED!\n\000"
   93  00003030  6b202825	
   93  00003034  64293a20	
   93  00003038  4469736b	
   93  0000303c  20696e69	
   93  00003040  74207772	
   93  00003044  69746520	
   93  00003048  696e6f64	
   93  0000304c  6520626c	
   93  00003050  6f636b20	
   93  00003054  25642046	
   93  00003058  41494c45	
   93  0000305c  44210a00	
   94  00003060          	.align 2
   95  00003060          	LC2_LF0:
   96  00003060  66446973	.ascii "fDisk (%d): Disk init write fbv block %d FAILED!\n\000"
   96  00003064  6b202825	
   96  00003068  64293a20	
   96  0000306c  4469736b	
   96  00003070  20696e69	
   96  00003074  74207772	
   96  00003078  69746520	
   96  0000307c  66627620	
   96  00003080  626c6f63	
   96  00003084  6b202564	
   96  00003088  20464149	
   96  0000308c  4c454421	
   96  00003090  0a00    	
   97  00003092          	.align 2
   98  00003094          	LC3_LF0:
   99  00003094  66446973	.ascii "fDisk (%d): Disk init write boot FAILED!\n\000"
   99  00003098  6b202825	
   99  0000309c  64293a20	
   99  000030a0  4469736b	
   99  000030a4  20696e69	
   99  000030a8  74207772	
   99  000030ac  69746520	
   99  000030b0  626f6f74	
   99  000030b4  20464149	
   99  000030b8  4c454421	
   99  000030bc  0a00    	
  100  000030be          	.align 2
  101  000030c0          	LC4_LF0:
  102  000030c0  66446973	.ascii "fDisk (%d): Disk init write superblock FAILED!\n\000"
  102  000030c4  6b202825	
  102  000030c8  64293a20	
  102  000030cc  4469736b	
  102  000030d0  20696e69	
  102  000030d4  74207772	
  102  000030d8  69746520	
  102  000030dc  73757065	
  102  000030e0  72626c6f	
  102  000030e4  636b2046	
  102  000030e8  41494c45	
  102  000030ec  44210a00	
  103  000030f0          	.align 2
  104  000030f0          	LC5_LF0:
  105  000030f0  66646973	.ascii "fdisk (%d): Formatted DFS disk for %d bytes.\n\000"
  105  000030f4  6b202825	
  105  000030f8  64293a20	
  105  000030fc  466f726d	
  105  00003100  61747465	
  105  00003104  64204446	
  105  00003108  53206469	
  105  0000310c  736b2066	
  105  00003110  6f722025	
  105  00003114  64206279	
  105  00003118  7465732e	
  105  0000311c  0a00    	
  106  0000311e          	.text
  107  000010d4          	.align 2
  108  000010d4          	.proc _main
  109  000010d4          	.global _main
  110  000010d4          	_main:
  111                      ;  Function 'main'; 512 bytes of locals, 0 regs to save.
  112  000010d4  afbefffc	sw	-4(r29),r30; push fp
  113  000010d8  001df020	add	r30,r0,r29; fp = sp
  114  000010dc  afbffff8	sw	-8(r29),r31; push ret addr
  115  000010e0  2fbd0208	subui	r29,r29,#520; alloc local storage
  116  000010e4  0c001470	jal	___main
  117  000010e8  54000000	nop; not filled.
  118  000010ec  3c010000	lhi	r1,((_disksize)>>16)&0xffff
  119  000010f0  24213004	addui	r1,r1,(_disksize)&0xffff
  120  000010f4  3c070100	lhi	r7,#256
  121  000010f8  24e70000	addui	r7,r7,#0
  122  000010fc  ac270000	sw	(r1),r7
  123  00001100  3c030000	lhi	r3,((_diskblocksize)>>16)&0xffff
  124  00001104  24633000	addui	r3,r3,(_diskblocksize)&0xffff
  125  00001108  20070200	addi	r7,r0,#512
  126  0000110c  ac670000	sw	(r3),r7
  127  00001110  20020000	addi	r2,r0,#0
  128  00001114  23dffdf8	addi	r31,r30,#-520
  129  00001118          	L17_LF0:
  130  00001118  20070000	addi	r7,r0,(#0x0)&0xff
  131  0000111c  a3e70000	sb	(r31),r7
  132  00001120  23ff0001	addi	r31,r31,#1
  133  00001124  20420001	addi	r2,r2,#1
  134  00001128  8c610000	lw	r1,(r3)
  135  0000112c  0041082a	slt	r1,r2,r1
  136  00001130  1420ffe4	bnez	r1,L17_LF0
  137  00001134  54000000	nop; not filled.
  138  00001138  3c010000	lhi	r1,((_sb)>>16)&0xffff
  139  0000113c  24213120	addui	r1,r1,(_sb)&0xffff
  140  00001140  20070000	addi	r7,r0,#0
  141  00001144  ac270000	sw	(r1),r7
  142  00001148  20070400	addi	r7,r0,#1024
  143  0000114c  ac270004	sw	4(r1),r7
  144  00001150  20074000	addi	r7,r0,#16384
  145  00001154  ac270008	sw	8(r1),r7
  146  00001158  20070001	addi	r7,r0,#1
  147  0000115c  ac27000c	sw	12(r1),r7
  148  00001160  200700c0	addi	r7,r0,#192
  149  00001164  ac270010	sw	16(r1),r7
  150  00001168  20070011	addi	r7,r0,#17
  151  0000116c  ac270014	sw	20(r1),r7
  152  00001170  0c0005d0	jal	_disk_create
  153  00001174  54000000	nop; not filled.
  154  00001178  6021ffff	seqi	r1,r1,#-1
  155  0000117c  1020002c	beqz	r1,L19_LF0
  156  00001180  54000000	nop; not filled.
  157  00001184  0c00049c	jal	_getpid
  158  00001188  54000000	nop; not filled.
  159  0000118c  23bdfff8	addi	r29,r29,#-8
  160  00001190  3c070000	lhi	r7,((LC0_LF0)>>16)&0xffff
  161  00001194  24e73008	addui	r7,r7,(LC0_LF0)&0xffff
  162  00001198  afa70000	sw	(r29),r7
  163  0000119c  afa10004	sw	4(r29),r1
  164  000011a0  0c000474	jal	_Printf
  165  000011a4  54000000	nop; not filled.
  166  000011a8  23bd0008	addi	r29,r29,#8
  167  000011ac          	L19_LF0:
  168  000011ac  3c020000	lhi	r2,((_inodes)>>16)&0xffff
  169  000011b0  24423138	addui	r2,r2,(_inodes)&0xffff
  170  000011b4  204447a0	addi	r4,r2,#18336
  171  000011b8          	L23_LF0:
  172  000011b8  20070000	addi	r7,r0,#0
  173  000011bc  ac470000	sw	(r2),r7
  174  000011c0  ac470004	sw	4(r2),r7
  175  000011c4  0002f820	add	r31,r0,r2
  176  000011c8  20430024	addi	r3,r2,#36
  177  000011cc          	L27_LF0:
  178  000011cc  2007ffff	addi	r7,r0,#-1
  179  000011d0  afe70008	sw	8(r31),r7
  180  000011d4  23ff0004	addi	r31,r31,#4
  181  000011d8  03e3082c	sle	r1,r31,r3
  182  000011dc  1420ffec	bnez	r1,L27_LF0
  183  000011e0  54000000	nop; not filled.
  184  000011e4  ac470030	sw	48(r2),r7
  185  000011e8  20070000	addi	r7,r0,(#0x0)&0xff
  186  000011ec  a0470034	sb	52(r2),r7
  187  000011f0  20420060	addi	r2,r2,#96
  188  000011f4  0044082c	sle	r1,r2,r4
  189  000011f8  1420ffbc	bnez	r1,L23_LF0
  190  000011fc  54000000	nop; not filled.
  191  00001200  3c030000	lhi	r3,((_inodes)>>16)&0xffff
  192  00001204  24633138	addui	r3,r3,(_inodes)&0xffff
  193  00001208  20020000	addi	r2,r0,#0
  194  0000120c  3c060000	lhi	r6,((_diskblocksize)>>16)&0xffff
  195  00001210  24c63000	addui	r6,r6,(_diskblocksize)&0xffff
  196  00001214          	L33_LF0:
  197  00001214  23bdfff8	addi	r29,r29,#-8
  198  00001218  20440001	addi	r4,r2,#1
  199  0000121c  50850001	slli	r5,r4,#0x1
  200  00001220  afa50000	sw	(r29),r5
  201  00001224  afa30004	sw	4(r29),r3
  202  00001228  0c0004f4	jal	_disk_write_block
  203  0000122c  54000000	nop; not filled.
  204  00001230  23bd0008	addi	r29,r29,#8
  205  00001234  6021ffff	seqi	r1,r1,#-1
  206  00001238  10200030	beqz	r1,L34_LF0
  207  0000123c  54000000	nop; not filled.
  208  00001240  0c0003e0	jal	_getpid
  209  00001244  54000000	nop; not filled.
  210  00001248  23bdfff0	addi	r29,r29,#-16
  211  0000124c  3c070000	lhi	r7,((LC1_LF0)>>16)&0xffff
  212  00001250  24e7302c	addui	r7,r7,(LC1_LF0)&0xffff
  213  00001254  afa70000	sw	(r29),r7
  214  00001258  afa10004	sw	4(r29),r1
  215  0000125c  afa20008	sw	8(r29),r2
  216  00001260  0c0003b4	jal	_Printf
  217  00001264  54000000	nop; not filled.
  218  00001268  23bd0010	addi	r29,r29,#16
  219  0000126c          	L34_LF0:
  220  0000126c  8cc10000	lw	r1,(r6)
  221  00001270  00611820	add	r3,r3,r1
  222  00001274  23bdfff8	addi	r29,r29,#-8
  223  00001278  20a10001	addi	r1,r5,#1
  224  0000127c  afa10000	sw	(r29),r1
  225  00001280  afa30004	sw	4(r29),r3
  226  00001284  0c000498	jal	_disk_write_block
  227  00001288  54000000	nop; not filled.
  228  0000128c  23bd0008	addi	r29,r29,#8
  229  00001290  6021ffff	seqi	r1,r1,#-1
  230  00001294  10200030	beqz	r1,L35_LF0
  231  00001298  54000000	nop; not filled.
  232  0000129c  0c000384	jal	_getpid
  233  000012a0  54000000	nop; not filled.
  234  000012a4  23bdfff0	addi	r29,r29,#-16
  235  000012a8  3c070000	lhi	r7,((LC1_LF0)>>16)&0xffff
  236  000012ac  24e7302c	addui	r7,r7,(LC1_LF0)&0xffff
  237  000012b0  afa70000	sw	(r29),r7
  238  000012b4  afa10004	sw	4(r29),r1
  239  000012b8  afa40008	sw	8(r29),r4
  240  000012bc  0c000358	jal	_Printf
  241  000012c0  54000000	nop; not filled.
  242  000012c4  23bd0010	addi	r29,r29,#16
  243  000012c8          	L35_LF0:
  244  000012c8  8cc10000	lw	r1,(r6)
  245  000012cc  00611820	add	r3,r3,r1
  246  000012d0  00041020	add	r2,r0,r4
  247  000012d4  7041000f	slei	r1,r2,#15
  248  000012d8  1420ff38	bnez	r1,L33_LF0
  249  000012dc  54000000	nop; not filled.
  250  000012e0  3c010000	lhi	r1,((_fbv)>>16)&0xffff
  251  000012e4  24217938	addui	r1,r1,(_fbv)&0xffff
  252  000012e8  2007e000	addi	r7,r0,#-8192
  253  000012ec  ac270000	sw	(r1),r7
  254  000012f0  20020001	addi	r2,r0,#1
  255  000012f4  203f0004	addi	r31,r1,#4
  256  000012f8          	L40_LF0:
  257  000012f8  20070000	addi	r7,r0,#0
  258  000012fc  afe70000	sw	(r31),r7
  259  00001300  23ff0004	addi	r31,r31,#4
  260  00001304  20420001	addi	r2,r2,#1
  261  00001308  704101ff	slei	r1,r2,#511
  262  0000130c  1420ffe8	bnez	r1,L40_LF0
  263  00001310  54000000	nop; not filled.
  264  00001314  3c030000	lhi	r3,((_fbv)>>16)&0xffff
  265  00001318  24637938	addui	r3,r3,(_fbv)&0xffff
  266  0000131c  23bdfff8	addi	r29,r29,#-8
  267  00001320  20070022	addi	r7,r0,#34
  268  00001324  afa70000	sw	(r29),r7
  269  00001328  afa30004	sw	4(r29),r3
  270  0000132c  0c0003f0	jal	_disk_write_block
  271  00001330  54000000	nop; not filled.
  272  00001334  23bd0008	addi	r29,r29,#8
  273  00001338  6021ffff	seqi	r1,r1,#-1
  274  0000133c  10200034	beqz	r1,L42_LF0
  275  00001340  54000000	nop; not filled.
  276  00001344  0c0002dc	jal	_getpid
  277  00001348  54000000	nop; not filled.
  278  0000134c  23bdfff0	addi	r29,r29,#-16
  279  00001350  3c070000	lhi	r7,((LC2_LF0)>>16)&0xffff
  280  00001354  24e73060	addui	r7,r7,(LC2_LF0)&0xffff
  281  00001358  afa70000	sw	(r29),r7
  282  0000135c  afa10004	sw	4(r29),r1
  283  00001360  20070000	addi	r7,r0,#0
  284  00001364  afa70008	sw	8(r29),r7
  285  00001368  0c0002ac	jal	_Printf
  286  0000136c  54000000	nop; not filled.
  287  00001370  23bd0010	addi	r29,r29,#16
  288  00001374          	L42_LF0:
  289  00001374  3c020000	lhi	r2,((_diskblocksize)>>16)&0xffff
  290  00001378  24423000	addui	r2,r2,(_diskblocksize)&0xffff
  291  0000137c  8c410000	lw	r1,(r2)
  292  00001380  00231820	add	r3,r1,r3
  293  00001384  23bdfff8	addi	r29,r29,#-8
  294  00001388  20070023	addi	r7,r0,#35
  295  0000138c  afa70000	sw	(r29),r7
  296  00001390  afa30004	sw	4(r29),r3
  297  00001394  0c000388	jal	_disk_write_block
  298  00001398  54000000	nop; not filled.
  299  0000139c  23bd0008	addi	r29,r29,#8
  300  000013a0  6021ffff	seqi	r1,r1,#-1
  301  000013a4  10200034	beqz	r1,L43_LF0
  302  000013a8  54000000	nop; not filled.
  303  000013ac  0c000274	jal	_getpid
  304  000013b0  54000000	nop; not filled.
  305  000013b4  23bdfff0	addi	r29,r29,#-16
  306  000013b8  3c070000	lhi	r7,((LC2_LF0)>>16)&0xffff
  307  000013bc  24e73060	addui	r7,r7,(LC2_LF0)&0xffff
  308  000013c0  afa70000	sw	(r29),r7
  309  000013c4  afa10004	sw	4(r29),r1
  310  000013c8  20070001	addi	r7,r0,#1
  311  000013cc  afa70008	sw	8(r29),r7
  312  000013d0  0c000244	jal	_Printf
  313  000013d4  54000000	nop; not filled.
  314  000013d8  23bd0010	addi	r29,r29,#16
  315  000013dc          	L43_LF0:
  316  000013dc  8c410000	lw	r1,(r2)
  317  000013e0  00611820	add	r3,r3,r1
  318  000013e4  23bdfff8	addi	r29,r29,#-8
  319  000013e8  20070024	addi	r7,r0,#36
  320  000013ec  afa70000	sw	(r29),r7
  321  000013f0  afa30004	sw	4(r29),r3
  322  000013f4  0c000328	jal	_disk_write_block
  323  000013f8  54000000	nop; not filled.
  324  000013fc  23bd0008	addi	r29,r29,#8
  325  00001400  6021ffff	seqi	r1,r1,#-1
  326  00001404  10200034	beqz	r1,L44_LF0
  327  00001408  54000000	nop; not filled.
  328  0000140c  0c000214	jal	_getpid
  329  00001410  54000000	nop; not filled.
  330  00001414  23bdfff0	addi	r29,r29,#-16
  331  00001418  3c070000	lhi	r7,((LC2_LF0)>>16)&0xffff
  332  0000141c  24e73060	addui	r7,r7,(LC2_LF0)&0xffff
  333  00001420  afa70000	sw	(r29),r7
  334  00001424  afa10004	sw	4(r29),r1
  335  00001428  20070002	addi	r7,r0,#2
  336  0000142c  afa70008	sw	8(r29),r7
  337  00001430  0c0001e4	jal	_Printf
  338  00001434  54000000	nop; not filled.
  339  00001438  23bd0010	addi	r29,r29,#16
  340  0000143c          	L44_LF0:
  341  0000143c  8c410000	lw	r1,(r2)
  342  00001440  00611820	add	r3,r3,r1
  343  00001444  23bdfff8	addi	r29,r29,#-8
  344  00001448  20070025	addi	r7,r0,#37
  345  0000144c  afa70000	sw	(r29),r7
  346  00001450  afa30004	sw	4(r29),r3
  347  00001454  0c0002c8	jal	_disk_write_block
  348  00001458  54000000	nop; not filled.
  349  0000145c  23bd0008	addi	r29,r29,#8
  350  00001460  6021ffff	seqi	r1,r1,#-1
  351  00001464  10200034	beqz	r1,L45_LF0
  352  00001468  54000000	nop; not filled.
  353  0000146c  0c0001b4	jal	_getpid
  354  00001470  54000000	nop; not filled.
  355  00001474  23bdfff0	addi	r29,r29,#-16
  356  00001478  3c070000	lhi	r7,((LC2_LF0)>>16)&0xffff
  357  0000147c  24e73060	addui	r7,r7,(LC2_LF0)&0xffff
  358  00001480  afa70000	sw	(r29),r7
  359  00001484  afa10004	sw	4(r29),r1
  360  00001488  20070003	addi	r7,r0,#3
  361  0000148c  afa70008	sw	8(r29),r7
  362  00001490  0c000184	jal	_Printf
  363  00001494  54000000	nop; not filled.
  364  00001498  23bd0010	addi	r29,r29,#16
  365  0000149c          	L45_LF0:
  366  0000149c  3c030000	lhi	r3,((_sb)>>16)&0xffff
  367  000014a0  24633120	addui	r3,r3,(_sb)&0xffff
  368  000014a4  20070001	addi	r7,r0,#1
  369  000014a8  ac670000	sw	(r3),r7
  370  000014ac  23bdfff8	addi	r29,r29,#-8
  371  000014b0  20070000	addi	r7,r0,#0
  372  000014b4  afa70000	sw	(r29),r7
  373  000014b8  23c2fdf8	addi	r2,r30,#-520
  374  000014bc  afa20004	sw	4(r29),r2
  375  000014c0  0c00025c	jal	_disk_write_block
  376  000014c4  54000000	nop; not filled.
  377  000014c8  23bd0008	addi	r29,r29,#8
  378  000014cc  6021ffff	seqi	r1,r1,#-1
  379  000014d0  1020002c	beqz	r1,L46_LF0
  380  000014d4  54000000	nop; not filled.
  381  000014d8  0c000148	jal	_getpid
  382  000014dc  54000000	nop; not filled.
  383  000014e0  23bdfff8	addi	r29,r29,#-8
  384  000014e4  3c070000	lhi	r7,((LC3_LF0)>>16)&0xffff
  385  000014e8  24e73094	addui	r7,r7,(LC3_LF0)&0xffff
  386  000014ec  afa70000	sw	(r29),r7
  387  000014f0  afa10004	sw	4(r29),r1
  388  000014f4  0c000120	jal	_Printf
  389  000014f8  54000000	nop; not filled.
  390  000014fc  23bd0008	addi	r29,r29,#8
  391  00001500          	L46_LF0:
  392  00001500  23bdfff0	addi	r29,r29,#-16
  393  00001504  afa30000	sw	(r29),r3
  394  00001508  afa20004	sw	4(r29),r2
  395  0000150c  20070018	addi	r7,r0,#24
  396  00001510  afa70008	sw	8(r29),r7
  397  00001514  0c000ea0	jal	_bcopy
  398  00001518  54000000	nop; not filled.
  399  0000151c  20070001	addi	r7,r0,#1
  400  00001520  afa70000	sw	(r29),r7
  401  00001524  afa20004	sw	4(r29),r2
  402  00001528  0c0001f4	jal	_disk_write_block
  403  0000152c  54000000	nop; not filled.
  404  00001530  23bd0010	addi	r29,r29,#16
  405  00001534  6021ffff	seqi	r1,r1,#-1
  406  00001538  1020002c	beqz	r1,L47_LF0
  407  0000153c  54000000	nop; not filled.
  408  00001540  0c0000e0	jal	_getpid
  409  00001544  54000000	nop; not filled.
  410  00001548  23bdfff8	addi	r29,r29,#-8
  411  0000154c  3c070000	lhi	r7,((LC4_LF0)>>16)&0xffff
  412  00001550  24e730c0	addui	r7,r7,(LC4_LF0)&0xffff
  413  00001554  afa70000	sw	(r29),r7
  414  00001558  afa10004	sw	4(r29),r1
  415  0000155c  0c0000b8	jal	_Printf
  416  00001560  54000000	nop; not filled.
  417  00001564  23bd0008	addi	r29,r29,#8
  418  00001568          	L47_LF0:
  419  00001568  0c0000b8	jal	_getpid
  420  0000156c  54000000	nop; not filled.
  421  00001570  23bdfff0	addi	r29,r29,#-16
  422  00001574  3c070000	lhi	r7,((LC5_LF0)>>16)&0xffff
  423  00001578  24e730f0	addui	r7,r7,(LC5_LF0)&0xffff
  424  0000157c  afa70000	sw	(r29),r7
  425  00001580  afa10004	sw	4(r29),r1
  426  00001584  3c010000	lhi	r1,((_disksize)>>16)&0xffff
  427  00001588  24213004	addui	r1,r1,(_disksize)&0xffff
  428  0000158c  8c210000	lw	r1,(r1)
  429  00001590  afa10008	sw	8(r29),r1
  430  00001594  0c000080	jal	_Printf
  431  00001598  54000000	nop; not filled.
  432  0000159c  23bd0010	addi	r29,r29,#16
  433  000015a0  0c000fa8	jal	_exit
  434  000015a4  54000000	nop
  435  000015a8          	.endproc _main
  436  000015a8          	.align 2
  437  000015a8          	.proc _FdiskWriteBlock
  438  000015a8          	.global _FdiskWriteBlock
  439  000015a8          	_FdiskWriteBlock:
  440                      ;  Function 'FdiskWriteBlock'; 0 bytes of locals, 0 regs to save.
  441  000015a8  afbefffc	sw	-4(r29),r30; push fp
  442  000015ac  001df020	add	r30,r0,r29; fp = sp
  443  000015b0  afbffff8	sw	-8(r29),r31; push ret addr
  444  000015b4  2fbd0008	subui	r29,r29,#8; alloc local storage
  445  000015b8  20010000	addi	r1,r0,#0
  446  000015bc  8fdffff8	lw	r31,-8(r30)
  447  000015c0  001ee820	add	r29,r0,r30
  448  000015c4  8fdefffc	lw	r30,-4(r30)
  449  000015c8  4be00000	jr	r31
  450  000015cc  54000000	nop
  451  000015d0          	.endproc _FdiskWriteBlock
  452  000015d0          	.data
  453  0000311e          	.align 2
  454  00003120          	.global _sb
  455  00003120          	_sb:
  456  00003120          	.space 24
  457  00003138          	.align 2
  458  00003138          	.global _inodes
  459  00003138          	_inodes:
  460  00003138          	.space 18432
  461  00007938          	.align 2
  462  00007938          	.global _fbv
  463  00007938          	_fbv:
  464  00007938          	.space 2048
  465                      ;;;
  466                      ;;; Stub functions for DLX traps.
  467                      ;;;
  468                      ;;; Ethan L. Miller, 1999.  Released to the public domain.
  469                      ;;;
  470                      ;;; The traps such as Open and Close
  471                      ;;; (note the capital letters) are for use by user programs.  The traps
  472                      ;;; with names such as open and close (lower case) are for use by the OS.
  473                      ;;;
  475  00008138          	.text
  476  000015d0          	.align 2
  478                      ;;; The following are the traps to be used by user-level programs
  479                      ;;;
  481  000015d0          	.align 2
  482  000015d0          	.proc _Open
  483  000015d0          	.global _Open
  484  000015d0          	_Open:
  485                      ;;; Note that trap #0x213 actually causes a trap vector in the OS of
  486                      ;;; 0x1213.  The same is true for other user traps.  Thus, a user trap
  487                      ;;; with trap #0x240 will result in a trap vector of 0x1240 in the OS.
  488  000015d0  44000213	trap	#0x213
  489  000015d4  4be00000	jr	r31
  490  000015d8  54000000	nop
  491  000015dc          	.endproc _Open
  493  000015dc          	.proc _Close
  494  000015dc          	.global _Close
  495  000015dc          	_Close:
  496  000015dc  44000214	trap	#0x214
  497  000015e0  4be00000	jr	r31
  498  000015e4  54000000	nop
  499  000015e8          	.endproc _Close
  501  000015e8          	.proc _Read
  502  000015e8          	.global _Read
  503  000015e8          	_Read:
  504  000015e8  44000210	trap	#0x210
  505  000015ec  4be00000	jr	r31
  506  000015f0  54000000	nop
  507  000015f4          	.endproc _Read
  509  000015f4          	.proc _Write
  510  000015f4          	.global _Write
  511  000015f4          	_Write:
  512  000015f4  44000211	trap	#0x211
  513  000015f8  4be00000	jr	r31
  514  000015fc  54000000	nop
  515  00001600          	.endproc _Write
  517  00001600          	.proc _Lseek
  518  00001600          	.global _Lseek
  519  00001600          	_Lseek:
  520  00001600  44000212	trap	#0x212
  521  00001604  4be00000	jr	r31
  522  00001608  54000000	nop
  523  0000160c          	.endproc _Lseek
  525  0000160c          	.proc _Putchar
  526  0000160c          	.global _Putchar
  527  0000160c          	_Putchar:
  528  0000160c  44000280	trap	#0x280
  529  00001610  4be00000	jr	r31
  530  00001614  54000000	nop
  531  00001618          	.endproc _Putchar
  533  00001618          	.proc _Printf
  534  00001618          	.global _Printf
  535  00001618          	_Printf:
  536  00001618  44000201	trap	#0x201
  537  0000161c  4be00000	jr	r31
  538  00001620  54000000	nop
  539  00001624          	.endproc _Printf
  541  00001624          	.proc _getpid
  542  00001624          	.global _getpid
  543  00001624          	_getpid:
  544  00001624  44000431	trap	#0x431
  545  00001628  4be00000	jr	r31
  546  0000162c  54000000	nop
  547  00001630          	.endproc _getpid
  549  00001630          	.proc _process_create
  550  00001630          	.global _process_create
  551  00001630          	_process_create:
  552  00001630  44000432	trap	#0x432
  553  00001634  4be00000	jr	r31
  554  00001638  54000000	nop
  555  0000163c          	.endproc _process_create
  557  0000163c          	.proc _shmget
  558  0000163c          	.global _shmget
  559  0000163c          	_shmget:
  560  0000163c  44000440	trap	#0x440
  561  00001640  4be00000	jr	r31
  562  00001644  54000000	nop
  563  00001648          	.endproc _shmget
  565  00001648          	.proc _shmat
  566  00001648          	.global _shmat
  567  00001648          	_shmat:
  568  00001648  44000441	trap	#0x441
  569  0000164c  4be00000	jr	r31
  570  00001650  54000000	nop
  571  00001654          	.endproc _shmat
  573  00001654          	.proc _sem_create
  574  00001654          	.global _sem_create
  575  00001654          	_sem_create:
  576  00001654  44000450	trap	#0x450
  577  00001658  4be00000	jr	r31
  578  0000165c  54000000	nop
  579  00001660          	.endproc _sem_create
  581  00001660          	.proc _sem_wait
  582  00001660          	.global _sem_wait
  583  00001660          	_sem_wait:
  584  00001660  44000451	trap	#0x451
  585  00001664  4be00000	jr	r31
  586  00001668  54000000	nop
  587  0000166c          	.endproc _sem_wait
  589  0000166c          	.proc _sem_signal
  590  0000166c          	.global _sem_signal
  591  0000166c          	_sem_signal:
  592  0000166c  44000452	trap	#0x452
  593  00001670  4be00000	jr	r31
  594  00001674  54000000	nop
  595  00001678          	.endproc _sem_signal
  597  00001678          	.proc _lock_create
  598  00001678          	.global _lock_create
  599  00001678          	_lock_create:
  600  00001678  44000453	trap	#0x453
  601  0000167c  4be00000	jr	r31
  602  00001680  54000000	nop
  603  00001684          	.endproc _lock_create
  605  00001684          	.proc _lock_acquire
  606  00001684          	.global _lock_acquire
  607  00001684          	_lock_acquire:
  608  00001684  44000454	trap	#0x454
  609  00001688  4be00000	jr	r31
  610  0000168c  54000000	nop
  611  00001690          	.endproc _lock_acquire
  613  00001690          	.proc _lock_release
  614  00001690          	.global _lock_release
  615  00001690          	_lock_release:
  616  00001690  44000455	trap	#0x455
  617  00001694  4be00000	jr	r31
  618  00001698  54000000	nop
  619  0000169c          	.endproc _lock_release
  621  0000169c          	.proc _cond_create
  622  0000169c          	.global _cond_create
  623  0000169c          	_cond_create:
  624  0000169c  44000456	trap	#0x456
  625  000016a0  4be00000	jr	r31
  626  000016a4  54000000	nop
  627  000016a8          	.endproc _cond_create
  629  000016a8          	.proc _cond_wait
  630  000016a8          	.global _cond_wait
  631  000016a8          	_cond_wait:
  632  000016a8  44000457	trap	#0x457
  633  000016ac  4be00000	jr	r31
  634  000016b0  54000000	nop
  635  000016b4          	.endproc _cond_wait
  637  000016b4          	.proc _cond_signal
  638  000016b4          	.global _cond_signal
  639  000016b4          	_cond_signal:
  640  000016b4  44000458	trap	#0x458
  641  000016b8  4be00000	jr	r31
  642  000016bc  54000000	nop
  643  000016c0          	.endproc _cond_signal
  645  000016c0          	.proc _cond_broadcast
  646  000016c0          	.global _cond_broadcast
  647  000016c0          	_cond_broadcast:
  648  000016c0  44000459	trap	#0x459
  649  000016c4  4be00000	jr	r31
  650  000016c8  54000000	nop
  651  000016cc          	.endproc _cond_broadcast
  653  000016cc          	.proc _mbox_create
  654  000016cc          	.global _mbox_create
  655  000016cc          	_mbox_create:
  656  000016cc  44000460	trap	#0x460
  657  000016d0  4be00000	jr	r31
  658  000016d4  54000000	nop
  659  000016d8          	.endproc _mbox_create
  661  000016d8          	.proc _mbox_open
  662  000016d8          	.global _mbox_open
  663  000016d8          	_mbox_open:
  664  000016d8  44000461	trap	#0x461
  665  000016dc  4be00000	jr	r31
  666  000016e0  54000000	nop
  667  000016e4          	.endproc _mbox_open
  669  000016e4          	.proc _mbox_close
  670  000016e4          	.global _mbox_close
  671  000016e4          	_mbox_close:
  672  000016e4  44000462	trap	#0x462
  673  000016e8  4be00000	jr	r31
  674  000016ec  54000000	nop
  675  000016f0          	.endproc _mbox_close
  677  000016f0          	.proc _mbox_send
  678  000016f0          	.global _mbox_send
  679  000016f0          	_mbox_send:
  680  000016f0  44000463	trap	#0x463
  681  000016f4  4be00000	jr	r31
  682  000016f8  54000000	nop
  683  000016fc          	.endproc _mbox_send
  685  000016fc          	.proc _mbox_recv
  686  000016fc          	.global _mbox_recv
  687  000016fc          	_mbox_recv:
  688  000016fc  44000464	trap	#0x464
  689  00001700  4be00000	jr	r31
  690  00001704  54000000	nop
  691  00001708          	.endproc _mbox_recv
  693  00001708          	.proc _sleep
  694  00001708          	.global _sleep
  695  00001708          	_sleep:
  696  00001708  44000465	trap	#0x465
  697  0000170c  4be00000	jr	r31
  698  00001710  54000000	nop
  699  00001714          	.endproc _sleep
  701  00001714          	.proc _yield
  702  00001714          	.global _yield
  703  00001714          	_yield:
  704  00001714  44000466	trap	#0x466
  705  00001718  4be00000	jr	r31
  706  0000171c  54000000	nop
  707  00001720          	.endproc _yield
  709  00001720          	.proc _disk_write_block
  710  00001720          	.global _disk_write_block
  711  00001720          	_disk_write_block:
  712  00001720  44000467	trap	#0x467
  713  00001724  4be00000	jr	r31
  714  00001728  54000000	nop
  715  0000172c          	.endproc _disk_write_block
  717  0000172c          	.proc _disk_size
  718  0000172c          	.global _disk_size
  719  0000172c          	_disk_size:
  720  0000172c  44000468	trap	#0x468
  721  00001730  4be00000	jr	r31
  722  00001734  54000000	nop
  723  00001738          	.endproc _disk_size
  725  00001738          	.proc _disk_blocksize
  726  00001738          	.global _disk_blocksize
  727  00001738          	_disk_blocksize:
  728  00001738  44000469	trap	#0x469
  729  0000173c  4be00000	jr	r31
  730  00001740  54000000	nop
  731  00001744          	.endproc _disk_blocksize
  733  00001744          	.proc _disk_create
  734  00001744          	.global _disk_create
  735  00001744          	_disk_create:
  736  00001744  44000470	trap	#0x470
  737  00001748  4be00000	jr	r31
  738  0000174c  54000000	nop
  739  00001750          	.endproc _disk_create
  741  00001750          	.proc _dfs_invalidate
  742  00001750          	.global _dfs_invalidate
  743  00001750          	_dfs_invalidate:
  744  00001750  44000471	trap	#0x471
  745  00001754  4be00000	jr	r31
  746  00001758  54000000	nop
  747  0000175c          	.endproc _dfs_invalidate
  749  0000175c          	.proc _file_open
  750  0000175c          	.global _file_open
  751  0000175c          	_file_open:
  752  0000175c  44000472	trap	#0x472
  753  00001760  4be00000	jr	r31
  754  00001764  54000000	nop
  755  00001768          	.endproc _file_open
  757  00001768          	.proc _file_close
  758  00001768          	.global _file_close
  759  00001768          	_file_close:
  760  00001768  44000473	trap	#0x473
  761  0000176c  4be00000	jr	r31
  762  00001770  54000000	nop
  763  00001774          	.endproc _file_close
  765  00001774          	.proc _file_delete
  766  00001774          	.global _file_delete
  767  00001774          	_file_delete:
  768  00001774  44000474	trap	#0x474
  769  00001778  4be00000	jr	r31
  770  0000177c  54000000	nop
  771  00001780          	.endproc _file_delete
  773  00001780          	.proc _file_read
  774  00001780          	.global _file_read
  775  00001780          	_file_read:
  776  00001780  44000475	trap	#0x475
  777  00001784  4be00000	jr	r31
  778  00001788  54000000	nop
  779  0000178c          	.endproc _file_read
  781  0000178c          	.proc _file_write
  782  0000178c          	.global _file_write
  783  0000178c          	_file_write:
  784  0000178c  44000476	trap	#0x476
  785  00001790  4be00000	jr	r31
  786  00001794  54000000	nop
  787  00001798          	.endproc _file_write
  789  00001798          	.proc _file_seek
  790  00001798          	.global _file_seek
  791  00001798          	_file_seek:
  792  00001798  44000477	trap	#0x477
  793  0000179c  4be00000	jr	r31
  794  000017a0  54000000	nop
  795  000017a4          	.endproc _file_seek
  797  000017a4          	.proc _run_os_tests
  798  000017a4          	.global _run_os_tests
  799  000017a4          	_run_os_tests:
  800  000017a4  440004ff	trap	#0x4FF
  801  000017a8  4be00000	jr	r31
  802  000017ac  54000000	nop
  803  000017b0          	.endproc _run_os_tests
  806  000017b0          	.proc _Exit
  807  000017b0          	.global _Exit
  808  000017b0          	_Exit:
  809  000017b0  44000500	trap	#0x500
  810  000017b4  4be00000	jr	r31
  811  000017b8  54000000	nop
  812  000017bc          	.endproc _Exit
  813                      ; Compiled by GCC
  815  000017bc          	.align 2
  816  000017bc          	.proc _isspace
  817  000017bc          	.global _isspace
  818  000017bc          	_isspace:
  819                      ;  Function 'isspace'; 0 bytes of locals, 3 regs to save.
  820  000017bc  afbefffc	sw	-4(r29),r30; push fp
  821  000017c0  001df020	add	r30,r0,r29; fp = sp
  822  000017c4  afbffff8	sw	-8(r29),r31; push ret addr
  823  000017c8  2fbd0018	subui	r29,r29,#24; alloc local storage
  824  000017cc  afa20000	sw	0(r29),r2
  825  000017d0  afa30004	sw	4(r29),r3
  826  000017d4  afa40008	sw	8(r29),r4
  827  000017d8  83c20003	lb	r2,3(r30)
  828  000017dc  20010000	addi	r1,r0,#0
  829  000017e0  304300ff	andi	r3,r2,#0x00ff
  830  000017e4  60640020	seqi	r4,r3,#32
  831  000017e8  1480002c	bnez	r4,L3_LF2
  832  000017ec  54000000	nop; delay slot nop
  833  000017f0  304300ff	andi	r3,r2,#0x00ff
  834  000017f4  60640009	seqi	r4,r3,#9
  835  000017f8  1480001c	bnez	r4,L3_LF2
  836  000017fc  54000000	nop; delay slot nop
  837  00001800  304300ff	andi	r3,r2,#0x00ff
  838  00001804  6064000a	seqi	r4,r3,#10
  839  00001808  1480000c	bnez	r4,L3_LF2
  840  0000180c  54000000	nop; delay slot nop
  841  00001810  08000008	j	L2_LF2
  842  00001814  54000000	nop; delay slot nop
  843  00001818          	L3_LF2:
  844  00001818  20010001	addi	r1,r0,#1
  845  0000181c          	L2_LF2:
  846  0000181c  08000004	j	L1_LF2
  847  00001820  54000000	nop; delay slot nop
  848  00001824          	L1_LF2:
  849  00001824  8fa20000	lw	r2,0(r29)
  850  00001828  8fa30004	lw	r3,4(r29)
  851  0000182c  8fa40008	lw	r4,8(r29)
  852  00001830  8fdffff8	lw	r31,-8(r30)
  853  00001834  001ee820	add	r29,r0,r30
  854  00001838  8fdefffc	lw	r30,-4(r30)
  855  0000183c  4be00000	jr	r31
  856  00001840  54000000	nop
  857  00001844          	.endproc _isspace
  858  00001844          	.align 2
  859  00001844          	.proc _isxdigit
  860  00001844          	.global _isxdigit
  861  00001844          	_isxdigit:
  862                      ;  Function 'isxdigit'; 0 bytes of locals, 3 regs to save.
  863  00001844  afbefffc	sw	-4(r29),r30; push fp
  864  00001848  001df020	add	r30,r0,r29; fp = sp
  865  0000184c  afbffff8	sw	-8(r29),r31; push ret addr
  866  00001850  2fbd0018	subui	r29,r29,#24; alloc local storage
  867  00001854  afa20000	sw	0(r29),r2
  868  00001858  afa30004	sw	4(r29),r3
  869  0000185c  afa40008	sw	8(r29),r4
  870  00001860  83c20003	lb	r2,3(r30)
  871  00001864  20010000	addi	r1,r0,#0
  872  00001868  304300ff	andi	r3,r2,#0x00ff
  873  0000186c  6c64002f	sgtui	r4,r3,#47
  874  00001870  1080001c	beqz	r4,L7_LF2
  875  00001874  54000000	nop; delay slot nop
  876  00001878  304300ff	andi	r3,r2,#0x00ff
  877  0000187c  70640039	sleui	r4,r3,#57
  878  00001880  1480005c	bnez	r4,L6_LF2
  879  00001884  54000000	nop; delay slot nop
  880  00001888  08000004	j	L7_LF2
  881  0000188c  54000000	nop; delay slot nop
  882  00001890          	L7_LF2:
  883  00001890  304300ff	andi	r3,r2,#0x00ff
  884  00001894  6c640060	sgtui	r4,r3,#96
  885  00001898  1080001c	beqz	r4,L8_LF2
  886  0000189c  54000000	nop; delay slot nop
  887  000018a0  304300ff	andi	r3,r2,#0x00ff
  888  000018a4  70640066	sleui	r4,r3,#102
  889  000018a8  14800034	bnez	r4,L6_LF2
  890  000018ac  54000000	nop; delay slot nop
  891  000018b0  08000004	j	L8_LF2
  892  000018b4  54000000	nop; delay slot nop
  893  000018b8          	L8_LF2:
  894  000018b8  304300ff	andi	r3,r2,#0x00ff
  895  000018bc  6c640040	sgtui	r4,r3,#64
  896  000018c0  10800020	beqz	r4,L5_LF2
  897  000018c4  54000000	nop; delay slot nop
  898  000018c8  304300ff	andi	r3,r2,#0x00ff
  899  000018cc  70640041	sleui	r4,r3,#65
  900  000018d0  1480000c	bnez	r4,L6_LF2
  901  000018d4  54000000	nop; delay slot nop
  902  000018d8  08000008	j	L5_LF2
  903  000018dc  54000000	nop; delay slot nop
  904  000018e0          	L6_LF2:
  905  000018e0  20010001	addi	r1,r0,#1
  906  000018e4          	L5_LF2:
  907  000018e4  08000004	j	L4_LF2
  908  000018e8  54000000	nop; delay slot nop
  909  000018ec          	L4_LF2:
  910  000018ec  8fa20000	lw	r2,0(r29)
  911  000018f0  8fa30004	lw	r3,4(r29)
  912  000018f4  8fa40008	lw	r4,8(r29)
  913  000018f8  8fdffff8	lw	r31,-8(r30)
  914  000018fc  001ee820	add	r29,r0,r30
  915  00001900  8fdefffc	lw	r30,-4(r30)
  916  00001904  4be00000	jr	r31
  917  00001908  54000000	nop
  918  0000190c          	.endproc _isxdigit
  919  0000190c          	.align 2
  920  0000190c          	.proc _dstrcpy
  921  0000190c          	.global _dstrcpy
  922  0000190c          	_dstrcpy:
  923                      ;  Function 'dstrcpy'; 8 bytes of locals, 2 regs to save.
  924  0000190c  afbefffc	sw	-4(r29),r30; push fp
  925  00001910  001df020	add	r30,r0,r29; fp = sp
  926  00001914  afbffff8	sw	-8(r29),r31; push ret addr
  927  00001918  2fbd0018	subui	r29,r29,#24; alloc local storage
  928  0000191c  afa20000	sw	0(r29),r2
  929  00001920  afa30004	sw	4(r29),r3
  930  00001924  8fc10000	lw	r1,(r30)
  931  00001928  afc1fff4	sw	-12(r30),r1
  932  0000192c          	L10_LF2:
  933  0000192c  8fc10000	lw	r1,(r30)
  934  00001930  20220001	addi	r2,r1,#1
  935  00001934  afc20000	sw	(r30),r2
  936  00001938  8fc20004	lw	r2,4(r30)
  937  0000193c  20430001	addi	r3,r2,#1
  938  00001940  afc30004	sw	4(r30),r3
  939  00001944  80420000	lb	r2,(r2)
  940  00001948  a0220000	sb	(r1),r2
  941  0000194c  a3c2fff3	sb	-13(r30),r2
  942  00001950          	L12_LF2:
  943  00001950  93c1fff3	lbu	r1,-13(r30)
  944  00001954  64220000	snei	r2,r1,#0
  945  00001958  1440000c	bnez	r2,L13_LF2
  946  0000195c  54000000	nop; delay slot nop
  947  00001960  0800000c	j	L11_LF2
  948  00001964  54000000	nop; delay slot nop
  949  00001968          	L13_LF2:
  950  00001968  0bffffc0	j	L10_LF2
  951  0000196c  54000000	nop; delay slot nop
  952  00001970          	L11_LF2:
  953  00001970  8fc1fff4	lw	r1,-12(r30)
  954  00001974  08000004	j	L9_LF2
  955  00001978  54000000	nop; delay slot nop
  956  0000197c          	L9_LF2:
  957  0000197c  8fa20000	lw	r2,0(r29)
  958  00001980  8fa30004	lw	r3,4(r29)
  959  00001984  8fdffff8	lw	r31,-8(r30)
  960  00001988  001ee820	add	r29,r0,r30
  961  0000198c  8fdefffc	lw	r30,-4(r30)
  962  00001990  4be00000	jr	r31
  963  00001994  54000000	nop
  964  00001998          	.endproc _dstrcpy
  965  00001998          	.align 2
  966  00001998          	.proc _dstrncpy
  967  00001998          	.global _dstrncpy
  968  00001998          	_dstrncpy:
  969                      ;  Function 'dstrncpy'; 8 bytes of locals, 2 regs to save.
  970  00001998  afbefffc	sw	-4(r29),r30; push fp
  971  0000199c  001df020	add	r30,r0,r29; fp = sp
  972  000019a0  afbffff8	sw	-8(r29),r31; push ret addr
  973  000019a4  2fbd0018	subui	r29,r29,#24; alloc local storage
  974  000019a8  afa20000	sw	0(r29),r2
  975  000019ac  afa30004	sw	4(r29),r3
  976  000019b0  8fc10000	lw	r1,(r30)
  977  000019b4  afc1fff4	sw	-12(r30),r1
  978  000019b8          	L15_LF2:
  979  000019b8  8fc10008	lw	r1,8(r30)
  980  000019bc  2022ffff	addi	r2,r1,#-1
  981  000019c0  afc20008	sw	8(r30),r2
  982  000019c4  70210000	slei	r1,r1,#0
  983  000019c8  1020000c	beqz	r1,L18_LF2
  984  000019cc  54000000	nop; delay slot nop
  985  000019d0  08000048	j	L16_LF2
  986  000019d4  54000000	nop; delay slot nop
  987  000019d8          	L18_LF2:
  988  000019d8  8fc10000	lw	r1,(r30)
  989  000019dc  20220001	addi	r2,r1,#1
  990  000019e0  afc20000	sw	(r30),r2
  991  000019e4  8fc20004	lw	r2,4(r30)
  992  000019e8  20430001	addi	r3,r2,#1
  993  000019ec  afc30004	sw	4(r30),r3
  994  000019f0  80420000	lb	r2,(r2)
  995  000019f4  a0220000	sb	(r1),r2
  996  000019f8  a3c2fff3	sb	-13(r30),r2
  997  000019fc          	L17_LF2:
  998  000019fc  93c1fff3	lbu	r1,-13(r30)
  999  00001a00  64220000	snei	r2,r1,#0
 1000  00001a04  1440000c	bnez	r2,L19_LF2
 1001  00001a08  54000000	nop; delay slot nop
 1002  00001a0c  0800000c	j	L16_LF2
 1003  00001a10  54000000	nop; delay slot nop
 1004  00001a14          	L19_LF2:
 1005  00001a14  0bffffa0	j	L15_LF2
 1006  00001a18  54000000	nop; delay slot nop
 1007  00001a1c          	L16_LF2:
 1008  00001a1c  8fc1fff4	lw	r1,-12(r30)
 1009  00001a20  08000004	j	L14_LF2
 1010  00001a24  54000000	nop; delay slot nop
 1011  00001a28          	L14_LF2:
 1012  00001a28  8fa20000	lw	r2,0(r29)
 1013  00001a2c  8fa30004	lw	r3,4(r29)
 1014  00001a30  8fdffff8	lw	r31,-8(r30)
 1015  00001a34  001ee820	add	r29,r0,r30
 1016  00001a38  8fdefffc	lw	r30,-4(r30)
 1017  00001a3c  4be00000	jr	r31
 1018  00001a40  54000000	nop
 1019  00001a44          	.endproc _dstrncpy
 1020  00001a44          	.align 2
 1021  00001a44          	.proc _dstrcat
 1022  00001a44          	.global _dstrcat
 1023  00001a44          	_dstrcat:
 1024                      ;  Function 'dstrcat'; 8 bytes of locals, 1 regs to save.
 1025  00001a44  afbefffc	sw	-4(r29),r30; push fp
 1026  00001a48  001df020	add	r30,r0,r29; fp = sp
 1027  00001a4c  afbffff8	sw	-8(r29),r31; push ret addr
 1028  00001a50  2fbd0018	subui	r29,r29,#24; alloc local storage
 1029  00001a54  afa20000	sw	0(r29),r2
 1030  00001a58  8fc10000	lw	r1,(r30)
 1031  00001a5c  afc1fff4	sw	-12(r30),r1
 1032  00001a60          	L21_LF2:
 1033  00001a60  8fc10000	lw	r1,(r30)
 1034  00001a64  90220000	lbu	r2,(r1)
 1035  00001a68  64410000	snei	r1,r2,#0
 1036  00001a6c  1420000c	bnez	r1,L23_LF2
 1037  00001a70  54000000	nop; delay slot nop
 1038  00001a74  0800001c	j	L22_LF2
 1039  00001a78  54000000	nop; delay slot nop
 1040  00001a7c          	L23_LF2:
 1041  00001a7c  8fc20000	lw	r2,(r30)
 1042  00001a80  20410001	addi	r1,r2,#1
 1043  00001a84  00011020	add	r2,r0,r1
 1044  00001a88  afc20000	sw	(r30),r2
 1045  00001a8c  0bffffd0	j	L21_LF2
 1046  00001a90  54000000	nop; delay slot nop
 1047  00001a94          	L22_LF2:
 1048  00001a94  23bdfff8	addi	r29,r29,#-8
 1049  00001a98  001d0820	add	r1,r0,r29
 1050  00001a9c  8fc20000	lw	r2,(r30)
 1051  00001aa0  ac220000	sw	(r1),r2
 1052  00001aa4  8fc20004	lw	r2,4(r30)
 1053  00001aa8  ac220004	sw	4(r1),r2
 1054  00001aac  0ffffe5c	jal	_dstrcpy
 1055  00001ab0  54000000	nop; delay slot nop
 1056  00001ab4  23bd0008	addi	r29,r29,#8
 1057  00001ab8  8fc1fff4	lw	r1,-12(r30)
 1058  00001abc  08000004	j	L20_LF2
 1059  00001ac0  54000000	nop; delay slot nop
 1060  00001ac4          	L20_LF2:
 1061  00001ac4  8fa20000	lw	r2,0(r29)
 1062  00001ac8  8fdffff8	lw	r31,-8(r30)
 1063  00001acc  001ee820	add	r29,r0,r30
 1064  00001ad0  8fdefffc	lw	r30,-4(r30)
 1065  00001ad4  4be00000	jr	r31
 1066  00001ad8  54000000	nop
 1067  00001adc          	.endproc _dstrcat
 1068  00001adc          	.align 2
 1069  00001adc          	.proc _dstrncmp
 1070  00001adc          	.global _dstrncmp
 1071  00001adc          	_dstrncmp:
 1072                      ;  Function 'dstrncmp'; 8 bytes of locals, 2 regs to save.
 1073  00001adc  afbefffc	sw	-4(r29),r30; push fp
 1074  00001ae0  001df020	add	r30,r0,r29; fp = sp
 1075  00001ae4  afbffff8	sw	-8(r29),r31; push ret addr
 1076  00001ae8  2fbd0018	subui	r29,r29,#24; alloc local storage
 1077  00001aec  afa20000	sw	0(r29),r2
 1078  00001af0  afa30004	sw	4(r29),r3
 1079  00001af4  54000000	nop
 1080  00001af8  20010000	addi	r1,r0,#0
 1081  00001afc  afc1fff4	sw	-12(r30),r1
 1082  00001b00          	L25_LF2:
 1083  00001b00  8fc1fff4	lw	r1,-12(r30)
 1084  00001b04  8fc20008	lw	r2,8(r30)
 1085  00001b08  0022082a	slt	r1,r1,r2
 1086  00001b0c  1420000c	bnez	r1,L28_LF2
 1087  00001b10  54000000	nop; delay slot nop
 1088  00001b14  08000088	j	L26_LF2
 1089  00001b18  54000000	nop; delay slot nop
 1090  00001b1c          	L28_LF2:
 1091  00001b1c  8fc10004	lw	r1,4(r30)
 1092  00001b20  90220000	lbu	r2,(r1)
 1093  00001b24  64410000	snei	r1,r2,#0
 1094  00001b28  14200018	bnez	r1,L29_LF2
 1095  00001b2c  54000000	nop; delay slot nop
 1096  00001b30  20010000	addi	r1,r0,#0
 1097  00001b34  080000d8	j	L24_LF2
 1098  00001b38  54000000	nop; delay slot nop
 1099  00001b3c  08000028	j	L30_LF2
 1100  00001b40  54000000	nop; delay slot nop
 1101  00001b44          	L29_LF2:
 1102  00001b44  8fc10000	lw	r1,(r30)
 1103  00001b48  8fc20004	lw	r2,4(r30)
 1104  00001b4c  90210000	lbu	r1,(r1)
 1105  00001b50  90420000	lbu	r2,(r2)
 1106  00001b54  00220829	sne	r1,r1,r2
 1107  00001b58  1020000c	beqz	r1,L30_LF2
 1108  00001b5c  54000000	nop; delay slot nop
 1109  00001b60  0800003c	j	L26_LF2
 1110  00001b64  54000000	nop; delay slot nop
 1111  00001b68          	L31_LF2:
 1112  00001b68          	L30_LF2:
 1113  00001b68  8fc20000	lw	r2,(r30)
 1114  00001b6c  20410001	addi	r1,r2,#1
 1115  00001b70  00011020	add	r2,r0,r1
 1116  00001b74  afc20000	sw	(r30),r2
 1117  00001b78  8fc20004	lw	r2,4(r30)
 1118  00001b7c  20410001	addi	r1,r2,#1
 1119  00001b80  00011020	add	r2,r0,r1
 1120  00001b84  afc20004	sw	4(r30),r2
 1121  00001b88          	L27_LF2:
 1122  00001b88  8fc2fff4	lw	r2,-12(r30)
 1123  00001b8c  20410001	addi	r1,r2,#1
 1124  00001b90  00011020	add	r2,r0,r1
 1125  00001b94  afc2fff4	sw	-12(r30),r2
 1126  00001b98  0bffff64	j	L25_LF2
 1127  00001b9c  54000000	nop; delay slot nop
 1128  00001ba0          	L26_LF2:
 1129  00001ba0  8fc1fff4	lw	r1,-12(r30)
 1130  00001ba4  8fc20008	lw	r2,8(r30)
 1131  00001ba8  00220828	seq	r1,r1,r2
 1132  00001bac  10200018	beqz	r1,L32_LF2
 1133  00001bb0  54000000	nop; delay slot nop
 1134  00001bb4  20010000	addi	r1,r0,#0
 1135  00001bb8  08000054	j	L24_LF2
 1136  00001bbc  54000000	nop; delay slot nop
 1137  00001bc0  0800004c	j	L33_LF2
 1138  00001bc4  54000000	nop; delay slot nop
 1139  00001bc8          	L32_LF2:
 1140  00001bc8  8fc20000	lw	r2,(r30)
 1141  00001bcc  90410000	lbu	r1,(r2)
 1142  00001bd0  8fc20004	lw	r2,4(r30)
 1143  00001bd4  90430000	lbu	r3,(r2)
 1144  00001bd8  00230822	sub	r1,r1,r3
 1145  00001bdc  74220000	sgei	r2,r1,#0
 1146  00001be0  10400020	beqz	r2,L34_LF2
 1147  00001be4  54000000	nop; delay slot nop
 1148  00001be8  8fc10000	lw	r1,(r30)
 1149  00001bec  8fc20004	lw	r2,4(r30)
 1150  00001bf0  90210000	lbu	r1,(r1)
 1151  00001bf4  90420000	lbu	r2,(r2)
 1152  00001bf8  00220829	sne	r1,r1,r2
 1153  00001bfc  08000008	j	L35_LF2
 1154  00001c00  54000000	nop; delay slot nop
 1155  00001c04          	L34_LF2:
 1156  00001c04  2001ffff	addi	r1,r0,#-1
 1157  00001c08          	L35_LF2:
 1158  00001c08  08000004	j	L24_LF2
 1159  00001c0c  54000000	nop; delay slot nop
 1160  00001c10          	L33_LF2:
 1161  00001c10          	L24_LF2:
 1162  00001c10  8fa20000	lw	r2,0(r29)
 1163  00001c14  8fa30004	lw	r3,4(r29)
 1164  00001c18  8fdffff8	lw	r31,-8(r30)
 1165  00001c1c  001ee820	add	r29,r0,r30
 1166  00001c20  8fdefffc	lw	r30,-4(r30)
 1167  00001c24  4be00000	jr	r31
 1168  00001c28  54000000	nop
 1169  00001c2c          	.endproc _dstrncmp
 1170  00001c2c          	.align 2
 1171  00001c2c          	.proc _dstrlen
 1172  00001c2c          	.global _dstrlen
 1173  00001c2c          	_dstrlen:
 1174                      ;  Function 'dstrlen'; 8 bytes of locals, 1 regs to save.
 1175  00001c2c  afbefffc	sw	-4(r29),r30; push fp
 1176  00001c30  001df020	add	r30,r0,r29; fp = sp
 1177  00001c34  afbffff8	sw	-8(r29),r31; push ret addr
 1178  00001c38  2fbd0018	subui	r29,r29,#24; alloc local storage
 1179  00001c3c  afa20000	sw	0(r29),r2
 1180  00001c40  20010000	addi	r1,r0,#0
 1181  00001c44  afc1fff4	sw	-12(r30),r1
 1182  00001c48          	L37_LF2:
 1183  00001c48  8fc10000	lw	r1,(r30)
 1184  00001c4c  20220001	addi	r2,r1,#1
 1185  00001c50  afc20000	sw	(r30),r2
 1186  00001c54  90210000	lbu	r1,(r1)
 1187  00001c58  64220000	snei	r2,r1,#0
 1188  00001c5c  1440000c	bnez	r2,L39_LF2
 1189  00001c60  54000000	nop; delay slot nop
 1190  00001c64  0800001c	j	L38_LF2
 1191  00001c68  54000000	nop; delay slot nop
 1192  00001c6c          	L39_LF2:
 1193  00001c6c  8fc2fff4	lw	r2,-12(r30)
 1194  00001c70  20410001	addi	r1,r2,#1
 1195  00001c74  00011020	add	r2,r0,r1
 1196  00001c78  afc2fff4	sw	-12(r30),r2
 1197  00001c7c  0bffffc8	j	L37_LF2
 1198  00001c80  54000000	nop; delay slot nop
 1199  00001c84          	L38_LF2:
 1200  00001c84  8fc1fff4	lw	r1,-12(r30)
 1201  00001c88  08000004	j	L36_LF2
 1202  00001c8c  54000000	nop; delay slot nop
 1203  00001c90          	L36_LF2:
 1204  00001c90  8fa20000	lw	r2,0(r29)
 1205  00001c94  8fdffff8	lw	r31,-8(r30)
 1206  00001c98  001ee820	add	r29,r0,r30
 1207  00001c9c  8fdefffc	lw	r30,-4(r30)
 1208  00001ca0  4be00000	jr	r31
 1209  00001ca4  54000000	nop
 1210  00001ca8          	.endproc _dstrlen
 1211  00001ca8          	.align 2
 1212  00001ca8          	.proc _dstrstr
 1213  00001ca8          	.global _dstrstr
 1214  00001ca8          	_dstrstr:
 1215                      ;  Function 'dstrstr'; 8 bytes of locals, 1 regs to save.
 1216  00001ca8  afbefffc	sw	-4(r29),r30; push fp
 1217  00001cac  001df020	add	r30,r0,r29; fp = sp
 1218  00001cb0  afbffff8	sw	-8(r29),r31; push ret addr
 1219  00001cb4  2fbd0018	subui	r29,r29,#24; alloc local storage
 1220  00001cb8  afa20000	sw	0(r29),r2
 1221  00001cbc  23bdfff8	addi	r29,r29,#-8
 1222  00001cc0  001d0820	add	r1,r0,r29
 1223  00001cc4  8fc20004	lw	r2,4(r30)
 1224  00001cc8  ac220000	sw	(r1),r2
 1225  00001ccc  0fffff5c	jal	_dstrlen
 1226  00001cd0  54000000	nop; delay slot nop
 1227  00001cd4  23bd0008	addi	r29,r29,#8
 1228  00001cd8  afc1fff4	sw	-12(r30),r1
 1229  00001cdc          	L41_LF2:
 1230  00001cdc  8fc10000	lw	r1,(r30)
 1231  00001ce0  90220000	lbu	r2,(r1)
 1232  00001ce4  64410000	snei	r1,r2,#0
 1233  00001ce8  1420000c	bnez	r1,L43_LF2
 1234  00001cec  54000000	nop; delay slot nop
 1235  00001cf0  08000060	j	L42_LF2
 1236  00001cf4  54000000	nop; delay slot nop
 1237  00001cf8          	L43_LF2:
 1238  00001cf8  23bdfff0	addi	r29,r29,#-16
 1239  00001cfc  001d0820	add	r1,r0,r29
 1240  00001d00  8fc20000	lw	r2,(r30)
 1241  00001d04  ac220000	sw	(r1),r2
 1242  00001d08  8fc20004	lw	r2,4(r30)
 1243  00001d0c  ac220004	sw	4(r1),r2
 1244  00001d10  8fc2fff4	lw	r2,-12(r30)
 1245  00001d14  ac220008	sw	8(r1),r2
 1246  00001d18  0ffffdc0	jal	_dstrncmp
 1247  00001d1c  54000000	nop; delay slot nop
 1248  00001d20  23bd0010	addi	r29,r29,#16
 1249  00001d24  64220000	snei	r2,r1,#0
 1250  00001d28  14400010	bnez	r2,L44_LF2
 1251  00001d2c  54000000	nop; delay slot nop
 1252  00001d30  8fc10000	lw	r1,(r30)
 1253  00001d34  08000028	j	L40_LF2
 1254  00001d38  54000000	nop; delay slot nop
 1255  00001d3c          	L44_LF2:
 1256  00001d3c  8fc20000	lw	r2,(r30)
 1257  00001d40  20410001	addi	r1,r2,#1
 1258  00001d44  00011020	add	r2,r0,r1
 1259  00001d48  afc20000	sw	(r30),r2
 1260  00001d4c  0bffff8c	j	L41_LF2
 1261  00001d50  54000000	nop; delay slot nop
 1262  00001d54          	L42_LF2:
 1263  00001d54  20010000	addi	r1,r0,#0
 1264  00001d58  08000004	j	L40_LF2
 1265  00001d5c  54000000	nop; delay slot nop
 1266  00001d60          	L40_LF2:
 1267  00001d60  8fa20000	lw	r2,0(r29)
 1268  00001d64  8fdffff8	lw	r31,-8(r30)
 1269  00001d68  001ee820	add	r29,r0,r30
 1270  00001d6c  8fdefffc	lw	r30,-4(r30)
 1271  00001d70  4be00000	jr	r31
 1272  00001d74  54000000	nop
 1273  00001d78          	.endproc _dstrstr
 1274  00001d78          	.align 2
 1275  00001d78          	.proc _dmindex
 1276  00001d78          	.global _dmindex
 1277  00001d78          	_dmindex:
 1278                      ;  Function 'dmindex'; 8 bytes of locals, 1 regs to save.
 1279  00001d78  afbefffc	sw	-4(r29),r30; push fp
 1280  00001d7c  001df020	add	r30,r0,r29; fp = sp
 1281  00001d80  afbffff8	sw	-8(r29),r31; push ret addr
 1282  00001d84  2fbd0018	subui	r29,r29,#24; alloc local storage
 1283  00001d88  afa20000	sw	0(r29),r2
 1284  00001d8c  54000000	nop
 1285  00001d90          	L46_LF2:
 1286  00001d90  8fc10000	lw	r1,(r30)
 1287  00001d94  90220000	lbu	r2,(r1)
 1288  00001d98  64410000	snei	r1,r2,#0
 1289  00001d9c  1420000c	bnez	r1,L48_LF2
 1290  00001da0  54000000	nop; delay slot nop
 1291  00001da4  08000070	j	L47_LF2
 1292  00001da8  54000000	nop; delay slot nop
 1293  00001dac          	L48_LF2:
 1294  00001dac  8fc10004	lw	r1,4(r30)
 1295  00001db0  afc1fff4	sw	-12(r30),r1
 1296  00001db4          	L49_LF2:
 1297  00001db4  8fc1fff4	lw	r1,-12(r30)
 1298  00001db8  90220000	lbu	r2,(r1)
 1299  00001dbc  64410000	snei	r1,r2,#0
 1300  00001dc0  1420000c	bnez	r1,L52_LF2
 1301  00001dc4  54000000	nop; delay slot nop
 1302  00001dc8  08000044	j	L50_LF2
 1303  00001dcc  54000000	nop; delay slot nop
 1304  00001dd0          	L52_LF2:
 1305  00001dd0  8fc10000	lw	r1,(r30)
 1306  00001dd4  8fc2fff4	lw	r2,-12(r30)
 1307  00001dd8  90210000	lbu	r1,(r1)
 1308  00001ddc  90420000	lbu	r2,(r2)
 1309  00001de0  00220828	seq	r1,r1,r2
 1310  00001de4  10200010	beqz	r1,L51_LF2
 1311  00001de8  54000000	nop; delay slot nop
 1312  00001dec  8fc10000	lw	r1,(r30)
 1313  00001df0  08000030	j	L45_LF2
 1314  00001df4  54000000	nop; delay slot nop
 1315  00001df8          	L53_LF2:
 1316  00001df8          	L51_LF2:
 1317  00001df8  8fc2fff4	lw	r2,-12(r30)
 1318  00001dfc  20410001	addi	r1,r2,#1
 1319  00001e00  00011020	add	r2,r0,r1
 1320  00001e04  afc2fff4	sw	-12(r30),r2
 1321  00001e08  0bffffa8	j	L49_LF2
 1322  00001e0c  54000000	nop; delay slot nop
 1323  00001e10          	L50_LF2:
 1324  00001e10  0bffff7c	j	L46_LF2
 1325  00001e14  54000000	nop; delay slot nop
 1326  00001e18          	L47_LF2:
 1327  00001e18  20010000	addi	r1,r0,#0
 1328  00001e1c  08000004	j	L45_LF2
 1329  00001e20  54000000	nop; delay slot nop
 1330  00001e24          	L45_LF2:
 1331  00001e24  8fa20000	lw	r2,0(r29)
 1332  00001e28  8fdffff8	lw	r31,-8(r30)
 1333  00001e2c  001ee820	add	r29,r0,r30
 1334  00001e30  8fdefffc	lw	r30,-4(r30)
 1335  00001e34  4be00000	jr	r31
 1336  00001e38  54000000	nop
 1337  00001e3c          	.endproc _dmindex
 1338  00001e3c          	.align 2
 1339  00001e3c          	.proc _dindex
 1340  00001e3c          	.global _dindex
 1341  00001e3c          	_dindex:
 1342                      ;  Function 'dindex'; 0 bytes of locals, 1 regs to save.
 1343  00001e3c  afbefffc	sw	-4(r29),r30; push fp
 1344  00001e40  001df020	add	r30,r0,r29; fp = sp
 1345  00001e44  afbffff8	sw	-8(r29),r31; push ret addr
 1346  00001e48  2fbd0010	subui	r29,r29,#16; alloc local storage
 1347  00001e4c  afa20000	sw	0(r29),r2
 1348  00001e50  54000000	nop
 1349  00001e54          	L55_LF2:
 1350  00001e54  8fc10000	lw	r1,(r30)
 1351  00001e58  90220000	lbu	r2,(r1)
 1352  00001e5c  64410000	snei	r1,r2,#0
 1353  00001e60  1420000c	bnez	r1,L57_LF2
 1354  00001e64  54000000	nop; delay slot nop
 1355  00001e68  08000040	j	L56_LF2
 1356  00001e6c  54000000	nop; delay slot nop
 1357  00001e70          	L57_LF2:
 1358  00001e70  8fc10000	lw	r1,(r30)
 1359  00001e74  90220000	lbu	r2,(r1)
 1360  00001e78  8fc10004	lw	r1,4(r30)
 1361  00001e7c  00411028	seq	r2,r2,r1
 1362  00001e80  10400010	beqz	r2,L58_LF2
 1363  00001e84  54000000	nop; delay slot nop
 1364  00001e88  8fc10000	lw	r1,(r30)
 1365  00001e8c  08000028	j	L54_LF2
 1366  00001e90  54000000	nop; delay slot nop
 1367  00001e94          	L58_LF2:
 1368  00001e94  8fc20000	lw	r2,(r30)
 1369  00001e98  20410001	addi	r1,r2,#1
 1370  00001e9c  00011020	add	r2,r0,r1
 1371  00001ea0  afc20000	sw	(r30),r2
 1372  00001ea4  0bffffac	j	L55_LF2
 1373  00001ea8  54000000	nop; delay slot nop
 1374  00001eac          	L56_LF2:
 1375  00001eac  20010000	addi	r1,r0,#0
 1376  00001eb0  08000004	j	L54_LF2
 1377  00001eb4  54000000	nop; delay slot nop
 1378  00001eb8          	L54_LF2:
 1379  00001eb8  8fa20000	lw	r2,0(r29)
 1380  00001ebc  8fdffff8	lw	r31,-8(r30)
 1381  00001ec0  001ee820	add	r29,r0,r30
 1382  00001ec4  8fdefffc	lw	r30,-4(r30)
 1383  00001ec8  4be00000	jr	r31
 1384  00001ecc  54000000	nop
 1385  00001ed0          	.endproc _dindex
 1386  00001ed0          	.align 2
 1387  00001ed0          	.proc _ditoa
 1388  00001ed0          	.global _ditoa
 1389  00001ed0          	_ditoa:
 1390                      ;  Function 'ditoa'; 8 bytes of locals, 2 regs to save.
 1391  00001ed0  afbefffc	sw	-4(r29),r30; push fp
 1392  00001ed4  001df020	add	r30,r0,r29; fp = sp
 1393  00001ed8  afbffff8	sw	-8(r29),r31; push ret addr
 1394  00001edc  2fbd0018	subui	r29,r29,#24; alloc local storage
 1395  00001ee0  afa20000	sw	0(r29),r2
 1396  00001ee4  afa30004	sw	4(r29),r3
 1397  00001ee8  8fc10000	lw	r1,(r30)
 1398  00001eec  68220000	slti	r2,r1,#0
 1399  00001ef0  1040002c	beqz	r2,L60_LF2
 1400  00001ef4  54000000	nop; delay slot nop
 1401  00001ef8  8fc10004	lw	r1,4(r30)
 1402  00001efc  20220001	addi	r2,r1,#1
 1403  00001f00  afc20004	sw	4(r30),r2
 1404  00001f04  2002002d	addi	r2,r0,(#0x2d)&0xff
 1405  00001f08  a0220000	sb	(r1),r2
 1406  00001f0c  8fc10000	lw	r1,(r30)
 1407  00001f10  00011022	sub	r2,r0,r1
 1408  00001f14  afc20000	sw	(r30),r2
 1409  00001f18  08000118	j	L61_LF2
 1410  00001f1c  54000000	nop; delay slot nop
 1411  00001f20          	L60_LF2:
 1412  00001f20  8fc10000	lw	r1,(r30)
 1413  00001f24  64220000	snei	r2,r1,#0
 1414  00001f28  14400020	bnez	r2,L62_LF2
 1415  00001f2c  54000000	nop; delay slot nop
 1416  00001f30  8fc10004	lw	r1,4(r30)
 1417  00001f34  20220001	addi	r2,r1,#1
 1418  00001f38  afc20004	sw	4(r30),r2
 1419  00001f3c  20020030	addi	r2,r0,(#0x30)&0xff
 1420  00001f40  a0220000	sb	(r1),r2
 1421  00001f44  080000ec	j	L61_LF2
 1422  00001f48  54000000	nop; delay slot nop
 1423  00001f4c          	L62_LF2:
 1424  00001f4c  20010001	addi	r1,r0,#1
 1425  00001f50  afc1fff4	sw	-12(r30),r1
 1426  00001f54          	L64_LF2:
 1427  00001f54  8fc1fff4	lw	r1,-12(r30)
 1428  00001f58  8fc20000	lw	r2,(r30)
 1429  00001f5c  0022082c	sle	r1,r1,r2
 1430  00001f60  1420000c	bnez	r1,L66_LF2
 1431  00001f64  54000000	nop; delay slot nop
 1432  00001f68  08000024	j	L65_LF2
 1433  00001f6c  54000000	nop; delay slot nop
 1434  00001f70          	L67_LF2:
 1435  00001f70          	L66_LF2:
 1436  00001f70  8fc1fff4	lw	r1,-12(r30)
 1437  00001f74  00011820	add	r3,r0,r1
 1438  00001f78  50620002	slli	r2,r3,#0x2
 1439  00001f7c  00411020	add	r2,r2,r1
 1440  00001f80  50410001	slli	r1,r2,#0x1
 1441  00001f84  afc1fff4	sw	-12(r30),r1
 1442  00001f88  0bffffc8	j	L64_LF2
 1443  00001f8c  54000000	nop; delay slot nop
 1444  00001f90          	L65_LF2:
 1445  00001f90  54000000	nop
 1446  00001f94          	L68_LF2:
 1447  00001f94  8fc1fff4	lw	r1,-12(r30)
 1448  00001f98  2002000a	addi	r2,r0,#10
 1449  00001f9c  00200035	movi2fp	f0,r1
 1450  00001fa0  00400835	movi2fp	f1,r2
 1451  00001fa4  0401000f	div	f0,f0,f1
 1452  00001fa8  00000834	movfp2i	r1,f0
 1453  00001fac  afc1fff4	sw	-12(r30),r1
 1454  00001fb0  8fc10004	lw	r1,4(r30)
 1455  00001fb4  20220001	addi	r2,r1,#1
 1456  00001fb8  afc20004	sw	4(r30),r2
 1457  00001fbc  8fc20000	lw	r2,(r30)
 1458  00001fc0  8fc3fff4	lw	r3,-12(r30)
 1459  00001fc4  00400035	movi2fp	f0,r2
 1460  00001fc8  00600835	movi2fp	f1,r3
 1461  00001fcc  0401000f	div	f0,f0,f1
 1462  00001fd0  00001034	movfp2i	r2,f0
 1463  00001fd4  00021820	add	r3,r0,r2
 1464  00001fd8  20620030	addi	r2,r3,#48
 1465  00001fdc  a0220000	sb	(r1),r2
 1466  00001fe0  8fc10000	lw	r1,(r30)
 1467  00001fe4  8fc3fff4	lw	r3,-12(r30)
 1468  00001fe8  00200035	movi2fp	f0,r1
 1469  00001fec  00600835	movi2fp	f1,r3
 1470  00001ff0  0401000f	div	f0,f0,f1
 1471  00001ff4  00001034	movfp2i	r2,f0
 1472  00001ff8  8fc3fff4	lw	r3,-12(r30)
 1473  00001ffc  00400035	movi2fp	f0,r2
 1474  00002000  00600835	movi2fp	f1,r3
 1475  00002004  0401000e	mult	f0,f0,f1
 1476  00002008  00001034	movfp2i	r2,f0
 1477  0000200c  00220822	sub	r1,r1,r2
 1478  00002010  afc10000	sw	(r30),r1
 1479  00002014          	L70_LF2:
 1480  00002014  8fc1fff4	lw	r1,-12(r30)
 1481  00002018  6c220001	sgti	r2,r1,#1
 1482  0000201c  1440000c	bnez	r2,L71_LF2
 1483  00002020  54000000	nop; delay slot nop
 1484  00002024  0800000c	j	L61_LF2
 1485  00002028  54000000	nop; delay slot nop
 1486  0000202c          	L71_LF2:
 1487  0000202c  0bffff64	j	L68_LF2
 1488  00002030  54000000	nop; delay slot nop
 1489  00002034          	L69_LF2:
 1490  00002034          	L63_LF2:
 1491  00002034          	L61_LF2:
 1492  00002034  8fc10004	lw	r1,4(r30)
 1493  00002038  20020000	addi	r2,r0,(#0x0)&0xff
 1494  0000203c  a0220000	sb	(r1),r2
 1495  00002040          	L59_LF2:
 1496  00002040  8fa20000	lw	r2,0(r29)
 1497  00002044  8fa30004	lw	r3,4(r29)
 1498  00002048  8fdffff8	lw	r31,-8(r30)
 1499  0000204c  001ee820	add	r29,r0,r30
 1500  00002050  8fdefffc	lw	r30,-4(r30)
 1501  00002054  4be00000	jr	r31
 1502  00002058  54000000	nop
 1503  0000205c          	.endproc _ditoa
 1504  0000205c          	.align 2
 1505  0000205c          	.proc _dstrtol
 1506  0000205c          	.global _dstrtol
 1507  0000205c          	_dstrtol:
 1508                      ;  Function 'dstrtol'; 16 bytes of locals, 1 regs to save.
 1509  0000205c  afbefffc	sw	-4(r29),r30; push fp
 1510  00002060  001df020	add	r30,r0,r29; fp = sp
 1511  00002064  afbffff8	sw	-8(r29),r31; push ret addr
 1512  00002068  2fbd0020	subui	r29,r29,#32; alloc local storage
 1513  0000206c  afa20000	sw	0(r29),r2
 1514  00002070  20010000	addi	r1,r0,#0
 1515  00002074  afc1fff4	sw	-12(r30),r1
 1516  00002078          	L73_LF2:
 1517  00002078  8fc10000	lw	r1,(r30)
 1518  0000207c  90220000	lbu	r2,(r1)
 1519  00002080  60410020	seqi	r1,r2,#32
 1520  00002084  14200034	bnez	r1,L75_LF2
 1521  00002088  54000000	nop; delay slot nop
 1522  0000208c  8fc10000	lw	r1,(r30)
 1523  00002090  90220000	lbu	r2,(r1)
 1524  00002094  60410009	seqi	r1,r2,#9
 1525  00002098  14200020	bnez	r1,L75_LF2
 1526  0000209c  54000000	nop; delay slot nop
 1527  000020a0  8fc10000	lw	r1,(r30)
 1528  000020a4  90220000	lbu	r2,(r1)
 1529  000020a8  6041000a	seqi	r1,r2,#10
 1530  000020ac  1420000c	bnez	r1,L75_LF2
 1531  000020b0  54000000	nop; delay slot nop
 1532  000020b4  0800001c	j	L74_LF2
 1533  000020b8  54000000	nop; delay slot nop
 1534  000020bc          	L75_LF2:
 1535  000020bc  8fc20000	lw	r2,(r30)
 1536  000020c0  20410001	addi	r1,r2,#1
 1537  000020c4  00011020	add	r2,r0,r1
 1538  000020c8  afc20000	sw	(r30),r2
 1539  000020cc  0bffffa8	j	L73_LF2
 1540  000020d0  54000000	nop; delay slot nop
 1541  000020d4          	L74_LF2:
 1542  000020d4  8fc10004	lw	r1,4(r30)
 1543  000020d8  64220000	snei	r2,r1,#0
 1544  000020dc  10400010	beqz	r2,L76_LF2
 1545  000020e0  54000000	nop; delay slot nop
 1546  000020e4  8fc10004	lw	r1,4(r30)
 1547  000020e8  8fc20000	lw	r2,(r30)
 1548  000020ec  ac220000	sw	(r1),r2
 1549  000020f0          	L76_LF2:
 1550  000020f0  8fc10000	lw	r1,(r30)
 1551  000020f4  90220000	lbu	r2,(r1)
 1552  000020f8  64410000	snei	r1,r2,#0
 1553  000020fc  14200010	bnez	r1,L77_LF2
 1554  00002100  54000000	nop; delay slot nop
 1555  00002104  8fc1fff4	lw	r1,-12(r30)
 1556  00002108  08000294	j	L72_LF2
 1557  0000210c  54000000	nop; delay slot nop
 1558  00002110          	L77_LF2:
 1559  00002110  8fc10000	lw	r1,(r30)
 1560  00002114  90220000	lbu	r2,(r1)
 1561  00002118  6041002d	seqi	r1,r2,#45
 1562  0000211c  10200024	beqz	r1,L78_LF2
 1563  00002120  54000000	nop; delay slot nop
 1564  00002124  2001ffff	addi	r1,r0,#-1
 1565  00002128  afc1ffec	sw	-20(r30),r1
 1566  0000212c  8fc20000	lw	r2,(r30)
 1567  00002130  20410001	addi	r1,r2,#1
 1568  00002134  00011020	add	r2,r0,r1
 1569  00002138  afc20000	sw	(r30),r2
 1570  0000213c  0800000c	j	L79_LF2
 1571  00002140  54000000	nop; delay slot nop
 1572  00002144          	L78_LF2:
 1573  00002144  20010001	addi	r1,r0,#1
 1574  00002148  afc1ffec	sw	-20(r30),r1
 1575  0000214c          	L79_LF2:
 1576  0000214c  8fc10008	lw	r1,8(r30)
 1577  00002150  64220000	snei	r2,r1,#0
 1578  00002154  14400090	bnez	r2,L80_LF2
 1579  00002158  54000000	nop; delay slot nop
 1580  0000215c  8fc10000	lw	r1,(r30)
 1581  00002160  90220000	lbu	r2,(r1)
 1582  00002164  60410030	seqi	r1,r2,#48
 1583  00002168  10200074	beqz	r1,L81_LF2
 1584  0000216c  54000000	nop; delay slot nop
 1585  00002170  8fc20000	lw	r2,(r30)
 1586  00002174  20410001	addi	r1,r2,#1
 1587  00002178  00011020	add	r2,r0,r1
 1588  0000217c  afc20000	sw	(r30),r2
 1589  00002180  8fc10000	lw	r1,(r30)
 1590  00002184  90220000	lbu	r2,(r1)
 1591  00002188  60410078	seqi	r1,r2,#120
 1592  0000218c  14200020	bnez	r1,L83_LF2
 1593  00002190  54000000	nop; delay slot nop
 1594  00002194  8fc10000	lw	r1,(r30)
 1595  00002198  90220000	lbu	r2,(r1)
 1596  0000219c  60410058	seqi	r1,r2,#88
 1597  000021a0  1420000c	bnez	r1,L83_LF2
 1598  000021a4  54000000	nop; delay slot nop
 1599  000021a8  08000024	j	L82_LF2
 1600  000021ac  54000000	nop; delay slot nop
 1601  000021b0          	L83_LF2:
 1602  000021b0  20010010	addi	r1,r0,#16
 1603  000021b4  afc10008	sw	8(r30),r1
 1604  000021b8  8fc20000	lw	r2,(r30)
 1605  000021bc  20410001	addi	r1,r2,#1
 1606  000021c0  00011020	add	r2,r0,r1
 1607  000021c4  afc20000	sw	(r30),r2
 1608  000021c8  0800000c	j	L84_LF2
 1609  000021cc  54000000	nop; delay slot nop
 1610  000021d0          	L82_LF2:
 1611  000021d0  20010008	addi	r1,r0,#8
 1612  000021d4  afc10008	sw	8(r30),r1
 1613  000021d8          	L84_LF2:
 1614  000021d8  0800000c	j	L80_LF2
 1615  000021dc  54000000	nop; delay slot nop
 1616  000021e0          	L81_LF2:
 1617  000021e0  2001000a	addi	r1,r0,#10
 1618  000021e4  afc10008	sw	8(r30),r1
 1619  000021e8          	L85_LF2:
 1620  000021e8          	L80_LF2:
 1621  000021e8  8fc10008	lw	r1,8(r30)
 1622  000021ec  70220000	slei	r2,r1,#0
 1623  000021f0  1440001c	bnez	r2,L87_LF2
 1624  000021f4  54000000	nop; delay slot nop
 1625  000021f8  8fc10008	lw	r1,8(r30)
 1626  000021fc  6c220010	sgti	r2,r1,#16
 1627  00002200  1440000c	bnez	r2,L87_LF2
 1628  00002204  54000000	nop; delay slot nop
 1629  00002208  08000010	j	L86_LF2
 1630  0000220c  54000000	nop; delay slot nop
 1631  00002210          	L87_LF2:
 1632  00002210  8fc1fff4	lw	r1,-12(r30)
 1633  00002214  08000188	j	L72_LF2
 1634  00002218  54000000	nop; delay slot nop
 1635  0000221c          	L86_LF2:
 1636  0000221c  54000000	nop
 1637  00002220          	L88_LF2:
 1638  00002220  8fc10000	lw	r1,(r30)
 1639  00002224  90220000	lbu	r2,(r1)
 1640  00002228  6c41002f	sgtui	r1,r2,#47
 1641  0000222c  10200030	beqz	r1,L91_LF2
 1642  00002230  54000000	nop; delay slot nop
 1643  00002234  8fc10000	lw	r1,(r30)
 1644  00002238  90220000	lbu	r2,(r1)
 1645  0000223c  70410039	sleui	r1,r2,#57
 1646  00002240  1020001c	beqz	r1,L91_LF2
 1647  00002244  54000000	nop; delay slot nop
 1648  00002248  8fc10000	lw	r1,(r30)
 1649  0000224c  90220000	lbu	r2,(r1)
 1650  00002250  2041ffd0	addi	r1,r2,#-48
 1651  00002254  afc1fff0	sw	-16(r30),r1
 1652  00002258  0800008c	j	L92_LF2
 1653  0000225c  54000000	nop; delay slot nop
 1654  00002260          	L91_LF2:
 1655  00002260  8fc10000	lw	r1,(r30)
 1656  00002264  90220000	lbu	r2,(r1)
 1657  00002268  6c410060	sgtui	r1,r2,#96
 1658  0000226c  10200030	beqz	r1,L93_LF2
 1659  00002270  54000000	nop; delay slot nop
 1660  00002274  8fc10000	lw	r1,(r30)
 1661  00002278  90220000	lbu	r2,(r1)
 1662  0000227c  7041007a	sleui	r1,r2,#122
 1663  00002280  1020001c	beqz	r1,L93_LF2
 1664  00002284  54000000	nop; delay slot nop
 1665  00002288  8fc10000	lw	r1,(r30)
 1666  0000228c  90220000	lbu	r2,(r1)
 1667  00002290  2041ffa9	addi	r1,r2,#-87
 1668  00002294  afc1fff0	sw	-16(r30),r1
 1669  00002298  0800004c	j	L92_LF2
 1670  0000229c  54000000	nop; delay slot nop
 1671  000022a0          	L93_LF2:
 1672  000022a0  8fc10000	lw	r1,(r30)
 1673  000022a4  90220000	lbu	r2,(r1)
 1674  000022a8  6c410040	sgtui	r1,r2,#64
 1675  000022ac  10200030	beqz	r1,L95_LF2
 1676  000022b0  54000000	nop; delay slot nop
 1677  000022b4  8fc10000	lw	r1,(r30)
 1678  000022b8  90220000	lbu	r2,(r1)
 1679  000022bc  7041005a	sleui	r1,r2,#90
 1680  000022c0  1020001c	beqz	r1,L95_LF2
 1681  000022c4  54000000	nop; delay slot nop
 1682  000022c8  8fc10000	lw	r1,(r30)
 1683  000022cc  90220000	lbu	r2,(r1)
 1684  000022d0  2041ffc9	addi	r1,r2,#-55
 1685  000022d4  afc1fff0	sw	-16(r30),r1
 1686  000022d8  0800000c	j	L92_LF2
 1687  000022dc  54000000	nop; delay slot nop
 1688  000022e0          	L95_LF2:
 1689  000022e0  200103e8	addi	r1,r0,#1000
 1690  000022e4  afc1fff0	sw	-16(r30),r1
 1691  000022e8          	L96_LF2:
 1692  000022e8          	L94_LF2:
 1693  000022e8          	L92_LF2:
 1694  000022e8  8fc1fff0	lw	r1,-16(r30)
 1695  000022ec  8fc20008	lw	r2,8(r30)
 1696  000022f0  0022082a	slt	r1,r1,r2
 1697  000022f4  10200040	beqz	r1,L90_LF2
 1698  000022f8  54000000	nop; delay slot nop
 1699  000022fc  8fc1fff4	lw	r1,-12(r30)
 1700  00002300  8fc20008	lw	r2,8(r30)
 1701  00002304  00200035	movi2fp	f0,r1
 1702  00002308  00400835	movi2fp	f1,r2
 1703  0000230c  0401000e	mult	f0,f0,f1
 1704  00002310  00000834	movfp2i	r1,f0
 1705  00002314  afc1fff4	sw	-12(r30),r1
 1706  00002318  8fc1fff4	lw	r1,-12(r30)
 1707  0000231c  8fc2fff0	lw	r2,-16(r30)
 1708  00002320  00220820	add	r1,r1,r2
 1709  00002324  afc1fff4	sw	-12(r30),r1
 1710  00002328  8fc20000	lw	r2,(r30)
 1711  0000232c  20410001	addi	r1,r2,#1
 1712  00002330  00011020	add	r2,r0,r1
 1713  00002334  afc20000	sw	(r30),r2
 1714  00002338          	L97_LF2:
 1715  00002338          	L90_LF2:
 1716  00002338  8fc1fff0	lw	r1,-16(r30)
 1717  0000233c  8fc20008	lw	r2,8(r30)
 1718  00002340  0022082a	slt	r1,r1,r2
 1719  00002344  1420000c	bnez	r1,L98_LF2
 1720  00002348  54000000	nop; delay slot nop
 1721  0000234c  0800000c	j	L89_LF2
 1722  00002350  54000000	nop; delay slot nop
 1723  00002354          	L98_LF2:
 1724  00002354  0bfffec8	j	L88_LF2
 1725  00002358  54000000	nop; delay slot nop
 1726  0000235c          	L89_LF2:
 1727  0000235c  8fc10004	lw	r1,4(r30)
 1728  00002360  64220000	snei	r2,r1,#0
 1729  00002364  10400010	beqz	r2,L99_LF2
 1730  00002368  54000000	nop; delay slot nop
 1731  0000236c  8fc10004	lw	r1,4(r30)
 1732  00002370  8fc20000	lw	r2,(r30)
 1733  00002374  ac220000	sw	(r1),r2
 1734  00002378          	L99_LF2:
 1735  00002378  8fc1fff4	lw	r1,-12(r30)
 1736  0000237c  8fc2ffec	lw	r2,-20(r30)
 1737  00002380  00200035	movi2fp	f0,r1
 1738  00002384  00400835	movi2fp	f1,r2
 1739  00002388  0401000e	mult	f0,f0,f1
 1740  0000238c  00000834	movfp2i	r1,f0
 1741  00002390  afc1fff4	sw	-12(r30),r1
 1742  00002394  8fc1fff4	lw	r1,-12(r30)
 1743  00002398  08000004	j	L72_LF2
 1744  0000239c  54000000	nop; delay slot nop
 1745  000023a0          	L72_LF2:
 1746  000023a0  8fa20000	lw	r2,0(r29)
 1747  000023a4  8fdffff8	lw	r31,-8(r30)
 1748  000023a8  001ee820	add	r29,r0,r30
 1749  000023ac  8fdefffc	lw	r30,-4(r30)
 1750  000023b0  4be00000	jr	r31
 1751  000023b4  54000000	nop
 1752  000023b8          	.endproc _dstrtol
 1753  000023b8          	.align 2
 1754  000023b8          	.proc _bcopy
 1755  000023b8          	.global _bcopy
 1756  000023b8          	_bcopy:
 1757                      ;  Function 'bcopy'; 0 bytes of locals, 2 regs to save.
 1758  000023b8  afbefffc	sw	-4(r29),r30; push fp
 1759  000023bc  001df020	add	r30,r0,r29; fp = sp
 1760  000023c0  afbffff8	sw	-8(r29),r31; push ret addr
 1761  000023c4  2fbd0010	subui	r29,r29,#16; alloc local storage
 1762  000023c8  afa20000	sw	0(r29),r2
 1763  000023cc  afa30004	sw	4(r29),r3
 1764  000023d0  54000000	nop
 1765  000023d4          	L101_LF2:
 1766  000023d4  8fc10008	lw	r1,8(r30)
 1767  000023d8  2022ffff	addi	r2,r1,#-1
 1768  000023dc  afc20008	sw	8(r30),r2
 1769  000023e0  6c210000	sgti	r1,r1,#0
 1770  000023e4  1420000c	bnez	r1,L103_LF2
 1771  000023e8  54000000	nop; delay slot nop
 1772  000023ec  0800002c	j	L102_LF2
 1773  000023f0  54000000	nop; delay slot nop
 1774  000023f4          	L103_LF2:
 1775  000023f4  8fc10004	lw	r1,4(r30)
 1776  000023f8  20220001	addi	r2,r1,#1
 1777  000023fc  afc20004	sw	4(r30),r2
 1778  00002400  8fc20000	lw	r2,(r30)
 1779  00002404  20430001	addi	r3,r2,#1
 1780  00002408  afc30000	sw	(r30),r3
 1781  0000240c  80420000	lb	r2,(r2)
 1782  00002410  a0220000	sb	(r1),r2
 1783  00002414  0bffffbc	j	L101_LF2
 1784  00002418  54000000	nop; delay slot nop
 1785  0000241c          	L102_LF2:
 1786  0000241c          	L100_LF2:
 1787  0000241c  8fa20000	lw	r2,0(r29)
 1788  00002420  8fa30004	lw	r3,4(r29)
 1789  00002424  8fdffff8	lw	r31,-8(r30)
 1790  00002428  001ee820	add	r29,r0,r30
 1791  0000242c  8fdefffc	lw	r30,-4(r30)
 1792  00002430  4be00000	jr	r31
 1793  00002434  54000000	nop
 1794  00002438          	.endproc _bcopy
 1795  00002438          	.align 2
 1796  00002438          	.proc _bzero
 1797  00002438          	.global _bzero
 1798  00002438          	_bzero:
 1799                      ;  Function 'bzero'; 0 bytes of locals, 1 regs to save.
 1800  00002438  afbefffc	sw	-4(r29),r30; push fp
 1801  0000243c  001df020	add	r30,r0,r29; fp = sp
 1802  00002440  afbffff8	sw	-8(r29),r31; push ret addr
 1803  00002444  2fbd0010	subui	r29,r29,#16; alloc local storage
 1804  00002448  afa20000	sw	0(r29),r2
 1805  0000244c  54000000	nop
 1806  00002450          	L105_LF2:
 1807  00002450  8fc10004	lw	r1,4(r30)
 1808  00002454  2022ffff	addi	r2,r1,#-1
 1809  00002458  afc20004	sw	4(r30),r2
 1810  0000245c  6c210000	sgti	r1,r1,#0
 1811  00002460  1420000c	bnez	r1,L107_LF2
 1812  00002464  54000000	nop; delay slot nop
 1813  00002468  08000020	j	L106_LF2
 1814  0000246c  54000000	nop; delay slot nop
 1815  00002470          	L107_LF2:
 1816  00002470  8fc10000	lw	r1,(r30)
 1817  00002474  20220001	addi	r2,r1,#1
 1818  00002478  afc20000	sw	(r30),r2
 1819  0000247c  20020000	addi	r2,r0,(#0x0)&0xff
 1820  00002480  a0220000	sb	(r1),r2
 1821  00002484  0bffffc8	j	L105_LF2
 1822  00002488  54000000	nop; delay slot nop
 1823  0000248c          	L106_LF2:
 1824  0000248c          	L104_LF2:
 1825  0000248c  8fa20000	lw	r2,0(r29)
 1826  00002490  8fdffff8	lw	r31,-8(r30)
 1827  00002494  001ee820	add	r29,r0,r30
 1828  00002498  8fdefffc	lw	r30,-4(r30)
 1829  0000249c  4be00000	jr	r31
 1830  000024a0  54000000	nop
 1831  000024a4          	.endproc _bzero
 1832  000024a4          	.align 2
 1833  000024a4          	.proc _min
 1834  000024a4          	.global _min
 1835  000024a4          	_min:
 1836                      ;  Function 'min'; 0 bytes of locals, 2 regs to save.
 1837  000024a4  afbefffc	sw	-4(r29),r30; push fp
 1838  000024a8  001df020	add	r30,r0,r29; fp = sp
 1839  000024ac  afbffff8	sw	-8(r29),r31; push ret addr
 1840  000024b0  2fbd0010	subui	r29,r29,#16; alloc local storage
 1841  000024b4  afa20000	sw	0(r29),r2
 1842  000024b8  afa30004	sw	4(r29),r3
 1843  000024bc  8fc10000	lw	r1,(r30)
 1844  000024c0  8fc20004	lw	r2,4(r30)
 1845  000024c4  0022182c	sle	r3,r1,r2
 1846  000024c8  14600008	bnez	r3,L109_LF2
 1847  000024cc  54000000	nop; delay slot nop
 1848  000024d0  8fc10004	lw	r1,4(r30)
 1849  000024d4          	L109_LF2:
 1850  000024d4  08000004	j	L108_LF2
 1851  000024d8  54000000	nop; delay slot nop
 1852  000024dc          	L108_LF2:
 1853  000024dc  8fa20000	lw	r2,0(r29)
 1854  000024e0  8fa30004	lw	r3,4(r29)
 1855  000024e4  8fdffff8	lw	r31,-8(r30)
 1856  000024e8  001ee820	add	r29,r0,r30
 1857  000024ec  8fdefffc	lw	r30,-4(r30)
 1858  000024f0  4be00000	jr	r31
 1859  000024f4  54000000	nop
 1860  000024f8          	.endproc _min
 1861  000024f8          	.align 2
 1862  000024f8          	.proc _max
 1863  000024f8          	.global _max
 1864  000024f8          	_max:
 1865                      ;  Function 'max'; 0 bytes of locals, 2 regs to save.
 1866  000024f8  afbefffc	sw	-4(r29),r30; push fp
 1867  000024fc  001df020	add	r30,r0,r29; fp = sp
 1868  00002500  afbffff8	sw	-8(r29),r31; push ret addr
 1869  00002504  2fbd0010	subui	r29,r29,#16; alloc local storage
 1870  00002508  afa20000	sw	0(r29),r2
 1871  0000250c  afa30004	sw	4(r29),r3
 1872  00002510  8fc10000	lw	r1,(r30)
 1873  00002514  8fc20004	lw	r2,4(r30)
 1874  00002518  0022182d	sge	r3,r1,r2
 1875  0000251c  14600008	bnez	r3,L111_LF2
 1876  00002520  54000000	nop; delay slot nop
 1877  00002524  8fc10004	lw	r1,4(r30)
 1878  00002528          	L111_LF2:
 1879  00002528  08000004	j	L110_LF2
 1880  0000252c  54000000	nop; delay slot nop
 1881  00002530          	L110_LF2:
 1882  00002530  8fa20000	lw	r2,0(r29)
 1883  00002534  8fa30004	lw	r3,4(r29)
 1884  00002538  8fdffff8	lw	r31,-8(r30)
 1885  0000253c  001ee820	add	r29,r0,r30
 1886  00002540  8fdefffc	lw	r30,-4(r30)
 1887  00002544  4be00000	jr	r31
 1888  00002548  54000000	nop
 1889  0000254c          	.endproc _max
 1890                      ;;; Ethan L. Miller, 1999.  Released to the public domain
 1891                      ;;;
 1892                      ;;; Most of the traps are called in files from libtraps.
 1895  0000254c          	.align 2
 1896  0000254c          	.proc _exit
 1897  0000254c          	.global _exit
 1898  0000254c          	_exit:
 1899  0000254c  44000300	trap	#0x300
 1900  00002550  4be00000	jr	r31
 1901  00002554  54000000	nop
 1902  00002558          	.endproc _exit
 1904                      ; for the benefit of gcc.
 1905  00002558          	.proc ___main
 1906  00002558          	.global ___main
 1907  00002558          	___main:
 1908  00002558  4be00000	jr	r31
 1909  0000255c  54000000	nop
 1910  00002560          	.endproc ___main
 1911  00002560          	.text
 1912  00002560          	.global _etext
 1913  00002560          	_etext:
 1914  00002560          	.align 3
 1915  00002560          	.data
 1916  00008138          	.global _edata
 1917  00008138          	_edata:
